0 info it worked if it ends with ok
1 verbose cli [ '/usr/bin/node', '/usr/bin/npm', 'install', '--production' ]
2 info using npm@3.8.5
3 info using node@v5.10.0
4 silly loadCurrentTree Starting
5 silly install loadCurrentTree
6 silly install readLocalPackageData
7 silly install normalizeTree
8 silly loadCurrentTree Finishing
9 silly loadIdealTree Starting
10 silly install loadIdealTree
11 silly cloneCurrentTree Starting
12 silly install cloneCurrentTreeToIdealTree
13 silly cloneCurrentTree Finishing
14 silly loadShrinkwrap Starting
15 silly install loadShrinkwrap
16 silly loadShrinkwrap Finishing
17 silly loadAllDepsIntoIdealTree Starting
18 silly install loadAllDepsIntoIdealTree
19 silly fetchNamedPackageData underscore
20 silly mapToRegistry name underscore
21 silly mapToRegistry using default registry
22 silly mapToRegistry registry https://registry.npmjs.org/
23 silly mapToRegistry data Result {
23 silly mapToRegistry   raw: 'underscore',
23 silly mapToRegistry   scope: null,
23 silly mapToRegistry   name: 'underscore',
23 silly mapToRegistry   rawSpec: '',
23 silly mapToRegistry   spec: 'latest',
23 silly mapToRegistry   type: 'tag' }
24 silly mapToRegistry uri https://registry.npmjs.org/underscore
25 verbose request uri https://registry.npmjs.org/underscore
26 verbose request no auth needed
27 info attempt registry request try #1 at 11:10:19 PM
28 verbose request id c1707f4492dc1267
29 verbose etag "DP00Z5JXE6QDEUKR75B9EPN5B"
30 http request GET https://registry.npmjs.org/underscore
31 http 304 https://registry.npmjs.org/underscore
32 verbose headers { date: 'Sun, 10 Apr 2016 19:13:03 GMT',
32 verbose headers   via: '1.1 varnish',
32 verbose headers   'cache-control': 'max-age=300',
32 verbose headers   etag: '"DP00Z5JXE6QDEUKR75B9EPN5B"',
32 verbose headers   age: '212',
32 verbose headers   connection: 'keep-alive',
32 verbose headers   'x-served-by': 'cache-ams4130-AMS',
32 verbose headers   'x-cache': 'HIT',
32 verbose headers   'x-cache-hits': '2',
32 verbose headers   'x-timer': 'S1460315583.066885,VS0,VE0',
32 verbose headers   vary: 'Accept-Encoding' }
33 silly get cb [ 304,
33 silly get   { date: 'Sun, 10 Apr 2016 19:13:03 GMT',
33 silly get     via: '1.1 varnish',
33 silly get     'cache-control': 'max-age=300',
33 silly get     etag: '"DP00Z5JXE6QDEUKR75B9EPN5B"',
33 silly get     age: '212',
33 silly get     connection: 'keep-alive',
33 silly get     'x-served-by': 'cache-ams4130-AMS',
33 silly get     'x-cache': 'HIT',
33 silly get     'x-cache-hits': '2',
33 silly get     'x-timer': 'S1460315583.066885,VS0,VE0',
33 silly get     vary: 'Accept-Encoding' } ]
34 verbose etag https://registry.npmjs.org/underscore from cache
35 verbose get saving underscore to /home/zaibon/.npm/registry.npmjs.org/underscore/.cache.json
36 verbose correctMkdir /home/zaibon/.npm correctMkdir not in flight; initializing
37 silly resolveWithNewModule underscore@1.8.3 checking installable status
38 silly cache add args [ 'underscore@', null ]
39 verbose cache add spec underscore@
40 silly cache add parsed spec Result {
40 silly cache add   raw: 'underscore@',
40 silly cache add   scope: null,
40 silly cache add   name: 'underscore',
40 silly cache add   rawSpec: '',
40 silly cache add   spec: 'latest',
40 silly cache add   type: 'tag' }
41 silly addNamed underscore@latest
42 verbose addNamed "latest" is being treated as a dist-tag for underscore
43 info addNameTag [ 'underscore', 'latest' ]
44 silly mapToRegistry name underscore
45 silly mapToRegistry using default registry
46 silly mapToRegistry registry https://registry.npmjs.org/
47 silly mapToRegistry data Result {
47 silly mapToRegistry   raw: 'underscore',
47 silly mapToRegistry   scope: null,
47 silly mapToRegistry   name: 'underscore',
47 silly mapToRegistry   rawSpec: '',
47 silly mapToRegistry   spec: 'latest',
47 silly mapToRegistry   type: 'tag' }
48 silly mapToRegistry uri https://registry.npmjs.org/underscore
49 verbose addNameTag registry:https://registry.npmjs.org/underscore not in flight; fetching
50 verbose get https://registry.npmjs.org/underscore not expired, no request
51 silly addNameTag next cb for underscore with tag latest
52 silly addNamed underscore@1.8.3
53 verbose addNamed "1.8.3" is a plain semver version for underscore
54 silly cache afterAdd underscore@1.8.3
55 verbose afterAdd /home/zaibon/.npm/underscore/1.8.3/package/package.json not in flight; writing
56 verbose correctMkdir /home/zaibon/.npm correctMkdir not in flight; initializing
57 verbose afterAdd /home/zaibon/.npm/underscore/1.8.3/package/package.json written
58 silly loadAllDepsIntoIdealTree Finishing
59 silly idealTree:prePrune ghost@0.7.8
59 silly idealTree:prePrune +-- bcryptjs@2.3.0
59 silly idealTree:prePrune +-- bluebird@2.10.2
59 silly idealTree:prePrune +-- body-parser@1.14.2
59 silly idealTree:prePrune | +-- debug@2.2.0
59 silly idealTree:prePrune | | `-- ms@0.7.1
59 silly idealTree:prePrune | +-- depd@1.1.0
59 silly idealTree:prePrune | +-- qs@5.2.0
59 silly idealTree:prePrune | `-- raw-body@2.1.5
59 silly idealTree:prePrune +-- bookshelf@0.9.1
59 silly idealTree:prePrune | +-- core-js@1.2.6
59 silly idealTree:prePrune | +-- create-error@0.3.1
59 silly idealTree:prePrune | `-- inflection@1.8.0
59 silly idealTree:prePrune +-- busboy@0.2.12
59 silly idealTree:prePrune | +-- dicer@0.2.5
59 silly idealTree:prePrune | | `-- streamsearch@0.1.2
59 silly idealTree:prePrune | `-- readable-stream@1.1.13
59 silly idealTree:prePrune |   +-- core-util-is@1.0.2
59 silly idealTree:prePrune |   +-- inherits@2.0.1
59 silly idealTree:prePrune |   +-- isarray@0.0.1
59 silly idealTree:prePrune |   `-- string_decoder@0.10.31
59 silly idealTree:prePrune +-- bytes@2.2.0
59 silly idealTree:prePrune +-- chalk@1.1.1
59 silly idealTree:prePrune | +-- ansi-regex@2.0.0
59 silly idealTree:prePrune | +-- ansi-styles@2.1.0
59 silly idealTree:prePrune | +-- escape-string-regexp@1.0.4
59 silly idealTree:prePrune | +-- has-ansi@2.0.0
59 silly idealTree:prePrune | +-- strip-ansi@3.0.0
59 silly idealTree:prePrune | `-- supports-color@2.0.0
59 silly idealTree:prePrune +-- cheerio@0.20.0
59 silly idealTree:prePrune | +-- css-select@1.2.0
59 silly idealTree:prePrune | | +-- boolbase@1.0.0
59 silly idealTree:prePrune | | +-- css-what@2.1.0
59 silly idealTree:prePrune | | `-- nth-check@1.0.1
59 silly idealTree:prePrune | +-- dom-serializer@0.1.0
59 silly idealTree:prePrune | +-- domelementtype@1.1.3
59 silly idealTree:prePrune | +-- domutils@1.5.1
59 silly idealTree:prePrune | +-- entities@1.1.1
59 silly idealTree:prePrune | +-- htmlparser2@3.8.3
59 silly idealTree:prePrune | | +-- domhandler@2.3.0
59 silly idealTree:prePrune | | +-- entities@1.0.0
59 silly idealTree:prePrune | | `-- readable-stream@1.1.13
59 silly idealTree:prePrune | |   +-- core-util-is@1.0.2
59 silly idealTree:prePrune | |   +-- inherits@2.0.1
59 silly idealTree:prePrune | |   +-- isarray@0.0.1
59 silly idealTree:prePrune | |   `-- string_decoder@0.10.31
59 silly idealTree:prePrune | +-- jsdom@7.2.2
59 silly idealTree:prePrune | | +-- abab@1.0.3
59 silly idealTree:prePrune | | +-- acorn-globals@1.0.9
59 silly idealTree:prePrune | | +-- acorn@2.7.0
59 silly idealTree:prePrune | | +-- cssom@0.3.1
59 silly idealTree:prePrune | | +-- cssstyle@0.2.34
59 silly idealTree:prePrune | | +-- escodegen@1.8.0
59 silly idealTree:prePrune | | | +-- esprima@2.7.2
59 silly idealTree:prePrune | | | +-- estraverse@1.9.3
59 silly idealTree:prePrune | | | +-- esutils@2.0.2
59 silly idealTree:prePrune | | | +-- optionator@0.8.1
59 silly idealTree:prePrune | | | | +-- deep-is@0.1.3
59 silly idealTree:prePrune | | | | +-- fast-levenshtein@1.1.3
59 silly idealTree:prePrune | | | | +-- levn@0.3.0
59 silly idealTree:prePrune | | | | +-- prelude-ls@1.1.2
59 silly idealTree:prePrune | | | | +-- type-check@0.3.2
59 silly idealTree:prePrune | | | | `-- wordwrap@1.0.0
59 silly idealTree:prePrune | | | `-- source-map@0.2.0
59 silly idealTree:prePrune | | |   `-- amdefine@1.0.0
59 silly idealTree:prePrune | | +-- nwmatcher@1.3.7
59 silly idealTree:prePrune | | +-- parse5@1.5.1
59 silly idealTree:prePrune | | +-- sax@1.1.5
59 silly idealTree:prePrune | | +-- symbol-tree@3.1.4
59 silly idealTree:prePrune | | +-- webidl-conversions@2.0.1
59 silly idealTree:prePrune | | +-- whatwg-url-compat@0.6.5
59 silly idealTree:prePrune | | | `-- tr46@0.0.3
59 silly idealTree:prePrune | | `-- xml-name-validator@2.0.1
59 silly idealTree:prePrune | `-- lodash@4.5.0
59 silly idealTree:prePrune +-- commander@2.9.0
59 silly idealTree:prePrune | `-- graceful-readlink@1.0.1
59 silly idealTree:prePrune +-- compression@1.6.1
59 silly idealTree:prePrune | +-- accepts@1.3.1
59 silly idealTree:prePrune | | +-- mime-types@2.1.10
59 silly idealTree:prePrune | | | `-- mime-db@1.22.0
59 silly idealTree:prePrune | | `-- negotiator@0.6.0
59 silly idealTree:prePrune | +-- compressible@2.0.7
59 silly idealTree:prePrune | | `-- mime-db@1.22.0
59 silly idealTree:prePrune | +-- debug@2.2.0
59 silly idealTree:prePrune | | `-- ms@0.7.1
59 silly idealTree:prePrune | `-- vary@1.1.0
59 silly idealTree:prePrune +-- connect-slashes@1.3.1
59 silly idealTree:prePrune +-- content-type@1.0.1
59 silly idealTree:prePrune +-- cookie-session@1.2.0
59 silly idealTree:prePrune | +-- cookies@0.5.0
59 silly idealTree:prePrune | | `-- keygrip@1.0.1
59 silly idealTree:prePrune | `-- debug@2.2.0
59 silly idealTree:prePrune |   `-- ms@0.7.1
59 silly idealTree:prePrune +-- downsize@0.0.8
59 silly idealTree:prePrune | `-- xregexp@2.0.0
59 silly idealTree:prePrune +-- express-hbs@0.8.4
59 silly idealTree:prePrune | +-- handlebars@3.0.3
59 silly idealTree:prePrune | | +-- optimist@0.6.1
59 silly idealTree:prePrune | | | +-- minimist@0.0.10
59 silly idealTree:prePrune | | | `-- wordwrap@0.0.3
59 silly idealTree:prePrune | | +-- source-map@0.1.43
59 silly idealTree:prePrune | | | `-- amdefine@1.0.0
59 silly idealTree:prePrune | | `-- uglify-js@2.3.6
59 silly idealTree:prePrune | |   +-- async@0.2.10
59 silly idealTree:prePrune | |   `-- optimist@0.3.7
59 silly idealTree:prePrune | |     `-- wordwrap@0.0.3
59 silly idealTree:prePrune | +-- js-beautify@1.5.4
59 silly idealTree:prePrune | | `-- config-chain@1.1.10
59 silly idealTree:prePrune | |   `-- proto-list@1.2.4
59 silly idealTree:prePrune | `-- readdirp@1.3.0
59 silly idealTree:prePrune |   +-- graceful-fs@2.0.3
59 silly idealTree:prePrune |   `-- readable-stream@1.0.33
59 silly idealTree:prePrune |     +-- core-util-is@1.0.2
59 silly idealTree:prePrune |     +-- inherits@2.0.1
59 silly idealTree:prePrune |     +-- isarray@0.0.1
59 silly idealTree:prePrune |     `-- string_decoder@0.10.31
59 silly idealTree:prePrune +-- express@4.13.4
59 silly idealTree:prePrune | +-- accepts@1.2.13
59 silly idealTree:prePrune | | +-- mime-types@2.1.10
59 silly idealTree:prePrune | | | `-- mime-db@1.22.0
59 silly idealTree:prePrune | | `-- negotiator@0.5.3
59 silly idealTree:prePrune | +-- array-flatten@1.1.1
59 silly idealTree:prePrune | +-- content-disposition@0.5.1
59 silly idealTree:prePrune | +-- cookie-signature@1.0.6
59 silly idealTree:prePrune | +-- cookie@0.1.5
59 silly idealTree:prePrune | +-- debug@2.2.0
59 silly idealTree:prePrune | | `-- ms@0.7.1
59 silly idealTree:prePrune | +-- depd@1.1.0
59 silly idealTree:prePrune | +-- escape-html@1.0.3
59 silly idealTree:prePrune | +-- etag@1.7.0
59 silly idealTree:prePrune | +-- finalhandler@0.4.1
59 silly idealTree:prePrune | +-- fresh@0.3.0
59 silly idealTree:prePrune | +-- merge-descriptors@1.0.1
59 silly idealTree:prePrune | +-- methods@1.1.2
59 silly idealTree:prePrune | +-- parseurl@1.3.1
59 silly idealTree:prePrune | +-- path-to-regexp@0.1.7
59 silly idealTree:prePrune | +-- proxy-addr@1.0.10
59 silly idealTree:prePrune | | +-- forwarded@0.1.0
59 silly idealTree:prePrune | | `-- ipaddr.js@1.0.5
59 silly idealTree:prePrune | +-- qs@4.0.0
59 silly idealTree:prePrune | +-- range-parser@1.0.3
59 silly idealTree:prePrune | +-- send@0.13.1
59 silly idealTree:prePrune | | +-- destroy@1.0.4
59 silly idealTree:prePrune | | +-- mime@1.3.4
59 silly idealTree:prePrune | | `-- ms@0.7.1
59 silly idealTree:prePrune | +-- serve-static@1.10.2
59 silly idealTree:prePrune | `-- vary@1.0.1
59 silly idealTree:prePrune +-- extract-zip@1.4.1
59 silly idealTree:prePrune | +-- concat-stream@1.5.0
59 silly idealTree:prePrune | | +-- readable-stream@2.0.5
59 silly idealTree:prePrune | | | +-- core-util-is@1.0.2
59 silly idealTree:prePrune | | | +-- isarray@0.0.1
59 silly idealTree:prePrune | | | +-- process-nextick-args@1.0.6
59 silly idealTree:prePrune | | | +-- string_decoder@0.10.31
59 silly idealTree:prePrune | | | `-- util-deprecate@1.0.2
59 silly idealTree:prePrune | | `-- typedarray@0.0.6
59 silly idealTree:prePrune | +-- debug@0.7.4
59 silly idealTree:prePrune | `-- yauzl@2.4.1
59 silly idealTree:prePrune |   `-- fd-slicer@1.0.1
59 silly idealTree:prePrune |     `-- pend@1.2.0
59 silly idealTree:prePrune +-- fs-extra@0.26.5
59 silly idealTree:prePrune | +-- graceful-fs@4.1.3
59 silly idealTree:prePrune | +-- jsonfile@2.2.3
59 silly idealTree:prePrune | +-- klaw@1.1.3
59 silly idealTree:prePrune | +-- path-is-absolute@1.0.0
59 silly idealTree:prePrune | `-- rimraf@2.5.2
59 silly idealTree:prePrune |   `-- glob@7.0.0
59 silly idealTree:prePrune |     +-- inflight@1.0.4
59 silly idealTree:prePrune |     | `-- wrappy@1.0.1
59 silly idealTree:prePrune |     +-- inherits@2.0.1
59 silly idealTree:prePrune |     +-- minimatch@3.0.0
59 silly idealTree:prePrune |     | `-- brace-expansion@1.1.3
59 silly idealTree:prePrune |     |   +-- balanced-match@0.3.0
59 silly idealTree:prePrune |     |   `-- concat-map@0.0.1
59 silly idealTree:prePrune |     `-- once@1.3.3
59 silly idealTree:prePrune |       `-- wrappy@1.0.1
59 silly idealTree:prePrune +-- ghost-gql@0.0.4
59 silly idealTree:prePrune +-- glob@5.0.15
59 silly idealTree:prePrune | +-- inflight@1.0.4
59 silly idealTree:prePrune | | `-- wrappy@1.0.1
59 silly idealTree:prePrune | +-- inherits@2.0.1
59 silly idealTree:prePrune | +-- minimatch@3.0.0
59 silly idealTree:prePrune | | `-- brace-expansion@1.1.3
59 silly idealTree:prePrune | |   +-- balanced-match@0.3.0
59 silly idealTree:prePrune | |   `-- concat-map@0.0.1
59 silly idealTree:prePrune | +-- once@1.3.3
59 silly idealTree:prePrune | | `-- wrappy@1.0.1
59 silly idealTree:prePrune | `-- path-is-absolute@1.0.0
59 silly idealTree:prePrune +-- html-to-text@1.6.0
59 silly idealTree:prePrune | +-- htmlparser@1.7.7
59 silly idealTree:prePrune | +-- optimist@0.6.1
59 silly idealTree:prePrune | | +-- minimist@0.0.10
59 silly idealTree:prePrune | | `-- wordwrap@0.0.3
59 silly idealTree:prePrune | +-- underscore.string@2.4.0
59 silly idealTree:prePrune | `-- underscore@1.8.3
59 silly idealTree:prePrune +-- http-errors@1.3.1
59 silly idealTree:prePrune +-- iconv-lite@0.4.13
59 silly idealTree:prePrune +-- inherits@2.0.1
59 silly idealTree:prePrune +-- ini@1.3.4
59 silly idealTree:prePrune +-- intl-messageformat@1.2.0
59 silly idealTree:prePrune | `-- intl-messageformat-parser@1.2.0
59 silly idealTree:prePrune +-- intl@1.0.1
59 silly idealTree:prePrune +-- jsonpath@0.2.2
59 silly idealTree:prePrune | +-- esprima@1.2.2
59 silly idealTree:prePrune | +-- jison@0.4.13
59 silly idealTree:prePrune | | +-- cjson@0.2.1
59 silly idealTree:prePrune | | +-- ebnf-parser@0.1.10
59 silly idealTree:prePrune | | +-- escodegen@0.0.21
59 silly idealTree:prePrune | | | +-- estraverse@0.0.4
59 silly idealTree:prePrune | | | `-- source-map@0.5.3
59 silly idealTree:prePrune | | +-- esprima@1.0.4
59 silly idealTree:prePrune | | +-- jison-lex@0.2.1
59 silly idealTree:prePrune | | +-- JSONSelect@0.4.0
59 silly idealTree:prePrune | | +-- lex-parser@0.1.4
59 silly idealTree:prePrune | | `-- nomnom@1.5.2
59 silly idealTree:prePrune | |   +-- colors@0.5.1
59 silly idealTree:prePrune | |   `-- underscore@1.1.7
59 silly idealTree:prePrune | +-- static-eval@0.2.3
59 silly idealTree:prePrune | | `-- escodegen@0.0.28
59 silly idealTree:prePrune | |   +-- esprima@1.0.4
59 silly idealTree:prePrune | |   +-- estraverse@1.3.2
59 silly idealTree:prePrune | |   `-- source-map@0.5.3
59 silly idealTree:prePrune | `-- underscore@1.7.0
59 silly idealTree:prePrune +-- knex@0.9.0
59 silly idealTree:prePrune | +-- debug@2.2.0
59 silly idealTree:prePrune | | `-- ms@0.7.1
59 silly idealTree:prePrune | +-- interpret@0.6.6
59 silly idealTree:prePrune | +-- liftoff@2.0.3
59 silly idealTree:prePrune | | +-- extend@2.0.1
59 silly idealTree:prePrune | | +-- findup-sync@0.2.1
59 silly idealTree:prePrune | | | `-- glob@4.3.5
59 silly idealTree:prePrune | | |   +-- inflight@1.0.4
59 silly idealTree:prePrune | | |   | `-- wrappy@1.0.1
59 silly idealTree:prePrune | | |   +-- minimatch@2.0.10
59 silly idealTree:prePrune | | |   | `-- brace-expansion@1.1.3
59 silly idealTree:prePrune | | |   |   +-- balanced-match@0.3.0
59 silly idealTree:prePrune | | |   |   `-- concat-map@0.0.1
59 silly idealTree:prePrune | | |   `-- once@1.3.3
59 silly idealTree:prePrune | | |     `-- wrappy@1.0.1
59 silly idealTree:prePrune | | +-- flagged-respawn@0.3.1
59 silly idealTree:prePrune | | `-- resolve@1.1.7
59 silly idealTree:prePrune | +-- pool2@1.3.1
59 silly idealTree:prePrune | | +-- double-ended-queue@2.1.0-0
59 silly idealTree:prePrune | | +-- hashmap@2.0.4
59 silly idealTree:prePrune | | `-- simple-backoff@1.0.0
59 silly idealTree:prePrune | +-- readable-stream@1.1.13
59 silly idealTree:prePrune | | +-- core-util-is@1.0.2
59 silly idealTree:prePrune | | +-- isarray@0.0.1
59 silly idealTree:prePrune | | `-- string_decoder@0.10.31
59 silly idealTree:prePrune | +-- tildify@1.0.0
59 silly idealTree:prePrune | +-- user-home@1.1.1
59 silly idealTree:prePrune | `-- v8flags@2.0.11
59 silly idealTree:prePrune +-- lodash@3.10.1
59 silly idealTree:prePrune +-- mime-types@2.1.10
59 silly idealTree:prePrune | `-- mime-db@1.22.0
59 silly idealTree:prePrune +-- minimatch@0.2.14
59 silly idealTree:prePrune | +-- lru-cache@2.7.3
59 silly idealTree:prePrune | `-- sigmund@1.0.1
59 silly idealTree:prePrune +-- minimist@1.1.3
59 silly idealTree:prePrune +-- mkdirp@0.5.0
59 silly idealTree:prePrune | `-- minimist@0.0.8
59 silly idealTree:prePrune +-- moment@2.11.2
59 silly idealTree:prePrune +-- morgan@1.6.1
59 silly idealTree:prePrune | +-- basic-auth@1.0.3
59 silly idealTree:prePrune | +-- debug@2.2.0
59 silly idealTree:prePrune | | `-- ms@0.7.1
59 silly idealTree:prePrune | `-- depd@1.0.1
59 silly idealTree:prePrune +-- mysql@2.1.1
59 silly idealTree:prePrune | +-- bignumber.js@1.0.1
59 silly idealTree:prePrune | +-- readable-stream@1.1.13
59 silly idealTree:prePrune | | +-- core-util-is@1.0.2
59 silly idealTree:prePrune | | +-- inherits@2.0.1
59 silly idealTree:prePrune | | +-- isarray@0.0.1
59 silly idealTree:prePrune | | `-- string_decoder@0.10.31
59 silly idealTree:prePrune | `-- require-all@0.0.3
59 silly idealTree:prePrune +-- node-uuid@1.4.7
59 silly idealTree:prePrune +-- nodemailer@0.7.1
59 silly idealTree:prePrune | +-- aws-sdk@2.0.5
59 silly idealTree:prePrune | | +-- aws-sdk-apis@3.1.10
59 silly idealTree:prePrune | | +-- xml2js@0.2.6
59 silly idealTree:prePrune | | | `-- sax@0.4.2
59 silly idealTree:prePrune | | `-- xmlbuilder@0.4.2
59 silly idealTree:prePrune | +-- directmail@0.1.8
59 silly idealTree:prePrune | +-- he@0.3.6
59 silly idealTree:prePrune | +-- mailcomposer@0.2.12
59 silly idealTree:prePrune | | +-- dkim-signer@0.1.2
59 silly idealTree:prePrune | | | `-- punycode@1.2.4
59 silly idealTree:prePrune | | +-- follow-redirects@0.0.3
59 silly idealTree:prePrune | | | `-- underscore@1.8.3
59 silly idealTree:prePrune | | +-- mime@1.2.11
59 silly idealTree:prePrune | | `-- mimelib@0.2.19
59 silly idealTree:prePrune | |   +-- addressparser@0.3.2
59 silly idealTree:prePrune | |   `-- encoding@0.1.12
59 silly idealTree:prePrune | +-- public-address@0.1.1
59 silly idealTree:prePrune | +-- readable-stream@1.1.13
59 silly idealTree:prePrune | | +-- core-util-is@1.0.2
59 silly idealTree:prePrune | | +-- inherits@2.0.1
59 silly idealTree:prePrune | | +-- isarray@0.0.1
59 silly idealTree:prePrune | | `-- string_decoder@0.10.31
59 silly idealTree:prePrune | `-- simplesmtp@0.3.35
59 silly idealTree:prePrune |   +-- rai@0.1.12
59 silly idealTree:prePrune |   `-- xoauth2@0.1.8
59 silly idealTree:prePrune +-- nopt@3.0.6
59 silly idealTree:prePrune | `-- abbrev@1.0.7
59 silly idealTree:prePrune +-- oauth2orize@1.2.2
59 silly idealTree:prePrune | +-- debug@2.2.0
59 silly idealTree:prePrune | | `-- ms@0.7.1
59 silly idealTree:prePrune | `-- uid2@0.0.3
59 silly idealTree:prePrune +-- on-finished@2.3.0
59 silly idealTree:prePrune | `-- ee-first@1.1.1
59 silly idealTree:prePrune +-- on-headers@1.0.1
59 silly idealTree:prePrune +-- passport-http-bearer@1.0.1
59 silly idealTree:prePrune +-- passport-oauth2-client-password@0.1.2
59 silly idealTree:prePrune +-- passport-strategy@1.0.0
59 silly idealTree:prePrune +-- passport@0.3.2
59 silly idealTree:prePrune | `-- pause@0.0.1
59 silly idealTree:prePrune +-- path-match@1.2.3
59 silly idealTree:prePrune | `-- path-to-regexp@1.2.1
59 silly idealTree:prePrune |   `-- isarray@0.0.1
59 silly idealTree:prePrune +-- pg-connection-string@0.1.3
59 silly idealTree:prePrune +-- pg@4.1.1
59 silly idealTree:prePrune | +-- buffer-writer@1.0.0
59 silly idealTree:prePrune | +-- generic-pool@2.1.1
59 silly idealTree:prePrune | +-- packet-reader@0.2.0
59 silly idealTree:prePrune | +-- pg-types@1.6.0
59 silly idealTree:prePrune | +-- pgpass@0.0.3
59 silly idealTree:prePrune | | `-- split@0.3.3
59 silly idealTree:prePrune | |   `-- through@2.3.8
59 silly idealTree:prePrune | `-- semver@4.3.6
59 silly idealTree:prePrune +-- request@2.69.0
59 silly idealTree:prePrune | +-- aws-sign2@0.6.0
59 silly idealTree:prePrune | +-- aws4@1.2.1
59 silly idealTree:prePrune | | `-- lru-cache@2.7.3
59 silly idealTree:prePrune | +-- bl@1.0.3
59 silly idealTree:prePrune | | `-- readable-stream@2.0.5
59 silly idealTree:prePrune | |   +-- core-util-is@1.0.2
59 silly idealTree:prePrune | |   +-- inherits@2.0.1
59 silly idealTree:prePrune | |   +-- isarray@0.0.1
59 silly idealTree:prePrune | |   +-- process-nextick-args@1.0.6
59 silly idealTree:prePrune | |   +-- string_decoder@0.10.31
59 silly idealTree:prePrune | |   `-- util-deprecate@1.0.2
59 silly idealTree:prePrune | +-- caseless@0.11.0
59 silly idealTree:prePrune | +-- combined-stream@1.0.5
59 silly idealTree:prePrune | | `-- delayed-stream@1.0.0
59 silly idealTree:prePrune | +-- extend@3.0.0
59 silly idealTree:prePrune | +-- forever-agent@0.6.1
59 silly idealTree:prePrune | +-- form-data@1.0.0-rc3
59 silly idealTree:prePrune | | `-- async@1.5.2
59 silly idealTree:prePrune | +-- har-validator@2.0.6
59 silly idealTree:prePrune | | +-- is-my-json-valid@2.13.0
59 silly idealTree:prePrune | | | +-- generate-function@2.0.0
59 silly idealTree:prePrune | | | +-- generate-object-property@1.2.0
59 silly idealTree:prePrune | | | | `-- is-property@1.0.2
59 silly idealTree:prePrune | | | +-- jsonpointer@2.0.0
59 silly idealTree:prePrune | | | `-- xtend@4.0.1
59 silly idealTree:prePrune | | `-- pinkie-promise@2.0.0
59 silly idealTree:prePrune | |   `-- pinkie@2.0.4
59 silly idealTree:prePrune | +-- hawk@3.1.3
59 silly idealTree:prePrune | | +-- boom@2.10.1
59 silly idealTree:prePrune | | +-- cryptiles@2.0.5
59 silly idealTree:prePrune | | +-- hoek@2.16.3
59 silly idealTree:prePrune | | `-- sntp@1.0.9
59 silly idealTree:prePrune | +-- http-signature@1.1.1
59 silly idealTree:prePrune | | +-- assert-plus@0.2.0
59 silly idealTree:prePrune | | +-- jsprim@1.2.2
59 silly idealTree:prePrune | | | +-- extsprintf@1.0.2
59 silly idealTree:prePrune | | | +-- json-schema@0.2.2
59 silly idealTree:prePrune | | | `-- verror@1.3.6
59 silly idealTree:prePrune | | `-- sshpk@1.7.4
59 silly idealTree:prePrune | |   +-- asn1@0.2.3
59 silly idealTree:prePrune | |   +-- dashdash@1.13.0
59 silly idealTree:prePrune | |   | `-- assert-plus@1.0.0
59 silly idealTree:prePrune | |   +-- ecc-jsbn@0.1.1
59 silly idealTree:prePrune | |   +-- jodid25519@1.0.2
59 silly idealTree:prePrune | |   +-- jsbn@0.1.0
59 silly idealTree:prePrune | |   `-- tweetnacl@0.13.3
59 silly idealTree:prePrune | +-- is-typedarray@1.0.0
59 silly idealTree:prePrune | +-- isstream@0.1.2
59 silly idealTree:prePrune | +-- json-stringify-safe@5.0.1
59 silly idealTree:prePrune | +-- oauth-sign@0.8.1
59 silly idealTree:prePrune | +-- qs@6.0.2
59 silly idealTree:prePrune | +-- stringstream@0.0.5
59 silly idealTree:prePrune | `-- tunnel-agent@0.4.2
59 silly idealTree:prePrune +-- rss@1.2.1
59 silly idealTree:prePrune +-- semver@5.1.0
59 silly idealTree:prePrune +-- showdown-ghost@0.3.6
59 silly idealTree:prePrune +-- sqlite3@3.1.1
59 silly idealTree:prePrune | +-- nan@2.1.0
59 silly idealTree:prePrune | `-- node-pre-gyp@0.6.14
59 silly idealTree:prePrune |   +-- mkdirp@0.5.1
59 silly idealTree:prePrune |   | `-- minimist@0.0.8
59 silly idealTree:prePrune |   +-- nopt@3.0.4
59 silly idealTree:prePrune |   | `-- abbrev@1.0.7
59 silly idealTree:prePrune |   +-- npmlog@1.2.1
59 silly idealTree:prePrune |   | +-- ansi@0.3.0
59 silly idealTree:prePrune |   | +-- are-we-there-yet@1.0.4
59 silly idealTree:prePrune |   | | +-- delegates@0.1.0
59 silly idealTree:prePrune |   | | `-- readable-stream@1.1.13
59 silly idealTree:prePrune |   | |   +-- core-util-is@1.0.1
59 silly idealTree:prePrune |   | |   +-- inherits@2.0.1
59 silly idealTree:prePrune |   | |   +-- isarray@0.0.1
59 silly idealTree:prePrune |   | |   `-- string_decoder@0.10.31
59 silly idealTree:prePrune |   | `-- gauge@1.2.2
59 silly idealTree:prePrune |   |   +-- has-unicode@1.0.0
59 silly idealTree:prePrune |   |   +-- lodash.pad@3.1.1
59 silly idealTree:prePrune |   |   | +-- lodash._basetostring@3.0.1
59 silly idealTree:prePrune |   |   | `-- lodash._createpadding@3.6.1
59 silly idealTree:prePrune |   |   |   `-- lodash.repeat@3.0.1
59 silly idealTree:prePrune |   |   +-- lodash.padleft@3.1.1
59 silly idealTree:prePrune |   |   | +-- lodash._basetostring@3.0.1
59 silly idealTree:prePrune |   |   | `-- lodash._createpadding@3.6.1
59 silly idealTree:prePrune |   |   |   `-- lodash.repeat@3.0.1
59 silly idealTree:prePrune |   |   `-- lodash.padright@3.1.1
59 silly idealTree:prePrune |   |     +-- lodash._basetostring@3.0.1
59 silly idealTree:prePrune |   |     `-- lodash._createpadding@3.6.1
59 silly idealTree:prePrune |   |       `-- lodash.repeat@3.0.1
59 silly idealTree:prePrune |   +-- rc@1.1.2
59 silly idealTree:prePrune |   | +-- deep-extend@0.2.11
59 silly idealTree:prePrune |   | +-- ini@1.3.4
59 silly idealTree:prePrune |   | +-- minimist@1.2.0
59 silly idealTree:prePrune |   | `-- strip-json-comments@0.1.3
59 silly idealTree:prePrune |   +-- request@2.64.0
59 silly idealTree:prePrune |   | +-- aws-sign2@0.5.0
59 silly idealTree:prePrune |   | +-- bl@1.0.0
59 silly idealTree:prePrune |   | | `-- readable-stream@2.0.2
59 silly idealTree:prePrune |   | |   +-- core-util-is@1.0.1
59 silly idealTree:prePrune |   | |   +-- inherits@2.0.1
59 silly idealTree:prePrune |   | |   +-- isarray@0.0.1
59 silly idealTree:prePrune |   | |   +-- process-nextick-args@1.0.3
59 silly idealTree:prePrune |   | |   +-- string_decoder@0.10.31
59 silly idealTree:prePrune |   | |   `-- util-deprecate@1.0.1
59 silly idealTree:prePrune |   | +-- caseless@0.11.0
59 silly idealTree:prePrune |   | +-- combined-stream@1.0.5
59 silly idealTree:prePrune |   | | `-- delayed-stream@1.0.0
59 silly idealTree:prePrune |   | +-- extend@3.0.0
59 silly idealTree:prePrune |   | +-- forever-agent@0.6.1
59 silly idealTree:prePrune |   | +-- form-data@1.0.0-rc3
59 silly idealTree:prePrune |   | | `-- async@1.4.2
59 silly idealTree:prePrune |   | +-- har-validator@1.8.0
59 silly idealTree:prePrune |   | | +-- bluebird@2.10.2
59 silly idealTree:prePrune |   | | +-- chalk@1.1.1
59 silly idealTree:prePrune |   | | | +-- ansi-styles@2.1.0
59 silly idealTree:prePrune |   | | | +-- escape-string-regexp@1.0.3
59 silly idealTree:prePrune |   | | | +-- has-ansi@2.0.0
59 silly idealTree:prePrune |   | | | | `-- ansi-regex@2.0.0
59 silly idealTree:prePrune |   | | | +-- strip-ansi@3.0.0
59 silly idealTree:prePrune |   | | | | `-- ansi-regex@2.0.0
59 silly idealTree:prePrune |   | | | `-- supports-color@2.0.0
59 silly idealTree:prePrune |   | | +-- commander@2.8.1
59 silly idealTree:prePrune |   | | | `-- graceful-readlink@1.0.1
59 silly idealTree:prePrune |   | | `-- is-my-json-valid@2.12.2
59 silly idealTree:prePrune |   | |   +-- generate-function@2.0.0
59 silly idealTree:prePrune |   | |   +-- generate-object-property@1.2.0
59 silly idealTree:prePrune |   | |   | `-- is-property@1.0.2
59 silly idealTree:prePrune |   | |   +-- jsonpointer@2.0.0
59 silly idealTree:prePrune |   | |   `-- xtend@4.0.0
59 silly idealTree:prePrune |   | +-- hawk@3.1.0
59 silly idealTree:prePrune |   | | +-- boom@2.9.0
59 silly idealTree:prePrune |   | | +-- cryptiles@2.0.5
59 silly idealTree:prePrune |   | | +-- hoek@2.16.3
59 silly idealTree:prePrune |   | | `-- sntp@1.0.9
59 silly idealTree:prePrune |   | +-- http-signature@0.11.0
59 silly idealTree:prePrune |   | | +-- asn1@0.1.11
59 silly idealTree:prePrune |   | | +-- assert-plus@0.1.5
59 silly idealTree:prePrune |   | | `-- ctype@0.5.3
59 silly idealTree:prePrune |   | +-- isstream@0.1.2
59 silly idealTree:prePrune |   | +-- json-stringify-safe@5.0.1
59 silly idealTree:prePrune |   | +-- mime-types@2.1.7
59 silly idealTree:prePrune |   | | `-- mime-db@1.19.0
59 silly idealTree:prePrune |   | +-- node-uuid@1.4.3
59 silly idealTree:prePrune |   | +-- oauth-sign@0.8.0
59 silly idealTree:prePrune |   | +-- qs@5.1.0
59 silly idealTree:prePrune |   | +-- stringstream@0.0.4
59 silly idealTree:prePrune |   | +-- tough-cookie@2.1.0
59 silly idealTree:prePrune |   | `-- tunnel-agent@0.4.1
59 silly idealTree:prePrune |   +-- rimraf@2.4.3
59 silly idealTree:prePrune |   | `-- glob@5.0.15
59 silly idealTree:prePrune |   |   +-- inflight@1.0.4
59 silly idealTree:prePrune |   |   | `-- wrappy@1.0.1
59 silly idealTree:prePrune |   |   +-- inherits@2.0.1
59 silly idealTree:prePrune |   |   +-- minimatch@3.0.0
59 silly idealTree:prePrune |   |   | `-- brace-expansion@1.1.1
59 silly idealTree:prePrune |   |   |   +-- balanced-match@0.2.0
59 silly idealTree:prePrune |   |   |   `-- concat-map@0.0.1
59 silly idealTree:prePrune |   |   +-- once@1.3.2
59 silly idealTree:prePrune |   |   | `-- wrappy@1.0.1
59 silly idealTree:prePrune |   |   `-- path-is-absolute@1.0.0
59 silly idealTree:prePrune |   +-- semver@5.0.3
59 silly idealTree:prePrune |   +-- tar-pack@2.0.0
59 silly idealTree:prePrune |   | +-- debug@0.7.4
59 silly idealTree:prePrune |   | +-- fstream-ignore@0.0.7
59 silly idealTree:prePrune |   | | +-- inherits@2.0.1
59 silly idealTree:prePrune |   | | `-- minimatch@0.2.14
59 silly idealTree:prePrune |   | |   +-- lru-cache@2.7.0
59 silly idealTree:prePrune |   | |   `-- sigmund@1.0.1
59 silly idealTree:prePrune |   | +-- fstream@0.1.31
59 silly idealTree:prePrune |   | | +-- graceful-fs@3.0.8
59 silly idealTree:prePrune |   | | `-- inherits@2.0.1
59 silly idealTree:prePrune |   | +-- graceful-fs@1.2.3
59 silly idealTree:prePrune |   | +-- once@1.1.1
59 silly idealTree:prePrune |   | +-- readable-stream@1.0.33
59 silly idealTree:prePrune |   | | +-- core-util-is@1.0.1
59 silly idealTree:prePrune |   | | +-- inherits@2.0.1
59 silly idealTree:prePrune |   | | +-- isarray@0.0.1
59 silly idealTree:prePrune |   | | `-- string_decoder@0.10.31
59 silly idealTree:prePrune |   | +-- rimraf@2.2.8
59 silly idealTree:prePrune |   | +-- tar@0.1.20
59 silly idealTree:prePrune |   | | +-- block-stream@0.0.8
59 silly idealTree:prePrune |   | | `-- inherits@2.0.1
59 silly idealTree:prePrune |   | `-- uid-number@0.0.3
59 silly idealTree:prePrune |   `-- tar@2.2.1
59 silly idealTree:prePrune |     +-- block-stream@0.0.8
59 silly idealTree:prePrune |     +-- fstream@1.0.8
59 silly idealTree:prePrune |     | `-- graceful-fs@4.1.2
59 silly idealTree:prePrune |     `-- inherits@2.0.1
59 silly idealTree:prePrune +-- statuses@1.2.1
59 silly idealTree:prePrune +-- tough-cookie@2.2.1
59 silly idealTree:prePrune +-- type-is@1.6.11
59 silly idealTree:prePrune | `-- media-typer@0.3.0
59 silly idealTree:prePrune +-- unidecode@0.1.8
59 silly idealTree:prePrune +-- unpipe@1.0.0
59 silly idealTree:prePrune +-- utils-merge@1.0.0
59 silly idealTree:prePrune +-- validator@4.5.0
59 silly idealTree:prePrune `-- xml@1.0.1
60 silly loadIdealTree Finishing
61 silly currentTree ghost@0.7.8
61 silly currentTree +-- bcryptjs@2.3.0
61 silly currentTree +-- bluebird@2.10.2
61 silly currentTree +-- body-parser@1.14.2
61 silly currentTree | +-- debug@2.2.0
61 silly currentTree | | `-- ms@0.7.1
61 silly currentTree | +-- depd@1.1.0
61 silly currentTree | +-- qs@5.2.0
61 silly currentTree | `-- raw-body@2.1.5
61 silly currentTree +-- bookshelf@0.9.1
61 silly currentTree | +-- core-js@1.2.6
61 silly currentTree | +-- create-error@0.3.1
61 silly currentTree | `-- inflection@1.8.0
61 silly currentTree +-- busboy@0.2.12
61 silly currentTree | +-- dicer@0.2.5
61 silly currentTree | | `-- streamsearch@0.1.2
61 silly currentTree | `-- readable-stream@1.1.13
61 silly currentTree |   +-- core-util-is@1.0.2
61 silly currentTree |   +-- inherits@2.0.1
61 silly currentTree |   +-- isarray@0.0.1
61 silly currentTree |   `-- string_decoder@0.10.31
61 silly currentTree +-- bytes@2.2.0
61 silly currentTree +-- chalk@1.1.1
61 silly currentTree | +-- ansi-regex@2.0.0
61 silly currentTree | +-- ansi-styles@2.1.0
61 silly currentTree | +-- escape-string-regexp@1.0.4
61 silly currentTree | +-- has-ansi@2.0.0
61 silly currentTree | +-- strip-ansi@3.0.0
61 silly currentTree | `-- supports-color@2.0.0
61 silly currentTree +-- cheerio@0.20.0
61 silly currentTree | +-- css-select@1.2.0
61 silly currentTree | | +-- boolbase@1.0.0
61 silly currentTree | | +-- css-what@2.1.0
61 silly currentTree | | `-- nth-check@1.0.1
61 silly currentTree | +-- dom-serializer@0.1.0
61 silly currentTree | +-- domelementtype@1.1.3
61 silly currentTree | +-- domutils@1.5.1
61 silly currentTree | +-- entities@1.1.1
61 silly currentTree | +-- htmlparser2@3.8.3
61 silly currentTree | | +-- domhandler@2.3.0
61 silly currentTree | | +-- entities@1.0.0
61 silly currentTree | | `-- readable-stream@1.1.13
61 silly currentTree | |   +-- core-util-is@1.0.2
61 silly currentTree | |   +-- inherits@2.0.1
61 silly currentTree | |   +-- isarray@0.0.1
61 silly currentTree | |   `-- string_decoder@0.10.31
61 silly currentTree | +-- jsdom@7.2.2
61 silly currentTree | | +-- abab@1.0.3
61 silly currentTree | | +-- acorn-globals@1.0.9
61 silly currentTree | | +-- acorn@2.7.0
61 silly currentTree | | +-- cssom@0.3.1
61 silly currentTree | | +-- cssstyle@0.2.34
61 silly currentTree | | +-- escodegen@1.8.0
61 silly currentTree | | | +-- esprima@2.7.2
61 silly currentTree | | | +-- estraverse@1.9.3
61 silly currentTree | | | +-- esutils@2.0.2
61 silly currentTree | | | +-- optionator@0.8.1
61 silly currentTree | | | | +-- deep-is@0.1.3
61 silly currentTree | | | | +-- fast-levenshtein@1.1.3
61 silly currentTree | | | | +-- levn@0.3.0
61 silly currentTree | | | | +-- prelude-ls@1.1.2
61 silly currentTree | | | | +-- type-check@0.3.2
61 silly currentTree | | | | `-- wordwrap@1.0.0
61 silly currentTree | | | `-- source-map@0.2.0
61 silly currentTree | | |   `-- amdefine@1.0.0
61 silly currentTree | | +-- nwmatcher@1.3.7
61 silly currentTree | | +-- parse5@1.5.1
61 silly currentTree | | +-- sax@1.1.5
61 silly currentTree | | +-- symbol-tree@3.1.4
61 silly currentTree | | +-- webidl-conversions@2.0.1
61 silly currentTree | | +-- whatwg-url-compat@0.6.5
61 silly currentTree | | | `-- tr46@0.0.3
61 silly currentTree | | `-- xml-name-validator@2.0.1
61 silly currentTree | `-- lodash@4.5.0
61 silly currentTree +-- commander@2.9.0
61 silly currentTree | `-- graceful-readlink@1.0.1
61 silly currentTree +-- compression@1.6.1
61 silly currentTree | +-- accepts@1.3.1
61 silly currentTree | | +-- mime-types@2.1.10
61 silly currentTree | | | `-- mime-db@1.22.0
61 silly currentTree | | `-- negotiator@0.6.0
61 silly currentTree | +-- compressible@2.0.7
61 silly currentTree | | `-- mime-db@1.22.0
61 silly currentTree | +-- debug@2.2.0
61 silly currentTree | | `-- ms@0.7.1
61 silly currentTree | `-- vary@1.1.0
61 silly currentTree +-- connect-slashes@1.3.1
61 silly currentTree +-- content-type@1.0.1
61 silly currentTree +-- cookie-session@1.2.0
61 silly currentTree | +-- cookies@0.5.0
61 silly currentTree | | `-- keygrip@1.0.1
61 silly currentTree | `-- debug@2.2.0
61 silly currentTree |   `-- ms@0.7.1
61 silly currentTree +-- downsize@0.0.8
61 silly currentTree | `-- xregexp@2.0.0
61 silly currentTree +-- express-hbs@0.8.4
61 silly currentTree | +-- handlebars@3.0.3
61 silly currentTree | | +-- optimist@0.6.1
61 silly currentTree | | | +-- minimist@0.0.10
61 silly currentTree | | | `-- wordwrap@0.0.3
61 silly currentTree | | +-- source-map@0.1.43
61 silly currentTree | | | `-- amdefine@1.0.0
61 silly currentTree | | `-- uglify-js@2.3.6
61 silly currentTree | |   +-- async@0.2.10
61 silly currentTree | |   `-- optimist@0.3.7
61 silly currentTree | |     `-- wordwrap@0.0.3
61 silly currentTree | +-- js-beautify@1.5.4
61 silly currentTree | | `-- config-chain@1.1.10
61 silly currentTree | |   `-- proto-list@1.2.4
61 silly currentTree | `-- readdirp@1.3.0
61 silly currentTree |   +-- graceful-fs@2.0.3
61 silly currentTree |   `-- readable-stream@1.0.33
61 silly currentTree |     +-- core-util-is@1.0.2
61 silly currentTree |     +-- inherits@2.0.1
61 silly currentTree |     +-- isarray@0.0.1
61 silly currentTree |     `-- string_decoder@0.10.31
61 silly currentTree +-- express@4.13.4
61 silly currentTree | +-- accepts@1.2.13
61 silly currentTree | | +-- mime-types@2.1.10
61 silly currentTree | | | `-- mime-db@1.22.0
61 silly currentTree | | `-- negotiator@0.5.3
61 silly currentTree | +-- array-flatten@1.1.1
61 silly currentTree | +-- content-disposition@0.5.1
61 silly currentTree | +-- cookie-signature@1.0.6
61 silly currentTree | +-- cookie@0.1.5
61 silly currentTree | +-- debug@2.2.0
61 silly currentTree | | `-- ms@0.7.1
61 silly currentTree | +-- depd@1.1.0
61 silly currentTree | +-- escape-html@1.0.3
61 silly currentTree | +-- etag@1.7.0
61 silly currentTree | +-- finalhandler@0.4.1
61 silly currentTree | +-- fresh@0.3.0
61 silly currentTree | +-- merge-descriptors@1.0.1
61 silly currentTree | +-- methods@1.1.2
61 silly currentTree | +-- parseurl@1.3.1
61 silly currentTree | +-- path-to-regexp@0.1.7
61 silly currentTree | +-- proxy-addr@1.0.10
61 silly currentTree | | +-- forwarded@0.1.0
61 silly currentTree | | `-- ipaddr.js@1.0.5
61 silly currentTree | +-- qs@4.0.0
61 silly currentTree | +-- range-parser@1.0.3
61 silly currentTree | +-- send@0.13.1
61 silly currentTree | | +-- destroy@1.0.4
61 silly currentTree | | +-- mime@1.3.4
61 silly currentTree | | `-- ms@0.7.1
61 silly currentTree | +-- serve-static@1.10.2
61 silly currentTree | `-- vary@1.0.1
61 silly currentTree +-- extract-zip@1.4.1
61 silly currentTree | +-- concat-stream@1.5.0
61 silly currentTree | | +-- readable-stream@2.0.5
61 silly currentTree | | | +-- core-util-is@1.0.2
61 silly currentTree | | | +-- isarray@0.0.1
61 silly currentTree | | | +-- process-nextick-args@1.0.6
61 silly currentTree | | | +-- string_decoder@0.10.31
61 silly currentTree | | | `-- util-deprecate@1.0.2
61 silly currentTree | | `-- typedarray@0.0.6
61 silly currentTree | +-- debug@0.7.4
61 silly currentTree | `-- yauzl@2.4.1
61 silly currentTree |   `-- fd-slicer@1.0.1
61 silly currentTree |     `-- pend@1.2.0
61 silly currentTree +-- fs-extra@0.26.5
61 silly currentTree | +-- graceful-fs@4.1.3
61 silly currentTree | +-- jsonfile@2.2.3
61 silly currentTree | +-- klaw@1.1.3
61 silly currentTree | +-- path-is-absolute@1.0.0
61 silly currentTree | `-- rimraf@2.5.2
61 silly currentTree |   `-- glob@7.0.0
61 silly currentTree |     +-- inflight@1.0.4
61 silly currentTree |     | `-- wrappy@1.0.1
61 silly currentTree |     +-- inherits@2.0.1
61 silly currentTree |     +-- minimatch@3.0.0
61 silly currentTree |     | `-- brace-expansion@1.1.3
61 silly currentTree |     |   +-- balanced-match@0.3.0
61 silly currentTree |     |   `-- concat-map@0.0.1
61 silly currentTree |     `-- once@1.3.3
61 silly currentTree |       `-- wrappy@1.0.1
61 silly currentTree +-- ghost-gql@0.0.4
61 silly currentTree +-- glob@5.0.15
61 silly currentTree | +-- inflight@1.0.4
61 silly currentTree | | `-- wrappy@1.0.1
61 silly currentTree | +-- inherits@2.0.1
61 silly currentTree | +-- minimatch@3.0.0
61 silly currentTree | | `-- brace-expansion@1.1.3
61 silly currentTree | |   +-- balanced-match@0.3.0
61 silly currentTree | |   `-- concat-map@0.0.1
61 silly currentTree | +-- once@1.3.3
61 silly currentTree | | `-- wrappy@1.0.1
61 silly currentTree | `-- path-is-absolute@1.0.0
61 silly currentTree +-- html-to-text@1.6.0
61 silly currentTree | +-- htmlparser@1.7.7
61 silly currentTree | +-- optimist@0.6.1
61 silly currentTree | | +-- minimist@0.0.10
61 silly currentTree | | `-- wordwrap@0.0.3
61 silly currentTree | +-- underscore.string@2.4.0
61 silly currentTree | `-- underscore@1.8.3
61 silly currentTree +-- http-errors@1.3.1
61 silly currentTree +-- iconv-lite@0.4.13
61 silly currentTree +-- inherits@2.0.1
61 silly currentTree +-- ini@1.3.4
61 silly currentTree +-- intl-messageformat@1.2.0
61 silly currentTree | `-- intl-messageformat-parser@1.2.0
61 silly currentTree +-- intl@1.0.1
61 silly currentTree +-- jsonpath@0.2.2
61 silly currentTree | +-- esprima@1.2.2
61 silly currentTree | +-- jison@0.4.13
61 silly currentTree | | +-- cjson@0.2.1
61 silly currentTree | | +-- ebnf-parser@0.1.10
61 silly currentTree | | +-- escodegen@0.0.21
61 silly currentTree | | | +-- estraverse@0.0.4
61 silly currentTree | | | `-- source-map@0.5.3
61 silly currentTree | | +-- esprima@1.0.4
61 silly currentTree | | +-- jison-lex@0.2.1
61 silly currentTree | | +-- JSONSelect@0.4.0
61 silly currentTree | | +-- lex-parser@0.1.4
61 silly currentTree | | `-- nomnom@1.5.2
61 silly currentTree | |   +-- colors@0.5.1
61 silly currentTree | |   `-- underscore@1.1.7
61 silly currentTree | +-- static-eval@0.2.3
61 silly currentTree | | `-- escodegen@0.0.28
61 silly currentTree | |   +-- esprima@1.0.4
61 silly currentTree | |   +-- estraverse@1.3.2
61 silly currentTree | |   `-- source-map@0.5.3
61 silly currentTree | `-- underscore@1.7.0
61 silly currentTree +-- knex@0.9.0
61 silly currentTree | +-- debug@2.2.0
61 silly currentTree | | `-- ms@0.7.1
61 silly currentTree | +-- interpret@0.6.6
61 silly currentTree | +-- liftoff@2.0.3
61 silly currentTree | | +-- extend@2.0.1
61 silly currentTree | | +-- findup-sync@0.2.1
61 silly currentTree | | | `-- glob@4.3.5
61 silly currentTree | | |   +-- inflight@1.0.4
61 silly currentTree | | |   | `-- wrappy@1.0.1
61 silly currentTree | | |   +-- minimatch@2.0.10
61 silly currentTree | | |   | `-- brace-expansion@1.1.3
61 silly currentTree | | |   |   +-- balanced-match@0.3.0
61 silly currentTree | | |   |   `-- concat-map@0.0.1
61 silly currentTree | | |   `-- once@1.3.3
61 silly currentTree | | |     `-- wrappy@1.0.1
61 silly currentTree | | +-- flagged-respawn@0.3.1
61 silly currentTree | | `-- resolve@1.1.7
61 silly currentTree | +-- pool2@1.3.1
61 silly currentTree | | +-- double-ended-queue@2.1.0-0
61 silly currentTree | | +-- hashmap@2.0.4
61 silly currentTree | | `-- simple-backoff@1.0.0
61 silly currentTree | +-- readable-stream@1.1.13
61 silly currentTree | | +-- core-util-is@1.0.2
61 silly currentTree | | +-- isarray@0.0.1
61 silly currentTree | | `-- string_decoder@0.10.31
61 silly currentTree | +-- tildify@1.0.0
61 silly currentTree | +-- user-home@1.1.1
61 silly currentTree | `-- v8flags@2.0.11
61 silly currentTree +-- lodash@3.10.1
61 silly currentTree +-- mime-types@2.1.10
61 silly currentTree | `-- mime-db@1.22.0
61 silly currentTree +-- minimatch@0.2.14
61 silly currentTree | +-- lru-cache@2.7.3
61 silly currentTree | `-- sigmund@1.0.1
61 silly currentTree +-- minimist@1.1.3
61 silly currentTree +-- mkdirp@0.5.0
61 silly currentTree | `-- minimist@0.0.8
61 silly currentTree +-- moment@2.11.2
61 silly currentTree +-- morgan@1.6.1
61 silly currentTree | +-- basic-auth@1.0.3
61 silly currentTree | +-- debug@2.2.0
61 silly currentTree | | `-- ms@0.7.1
61 silly currentTree | `-- depd@1.0.1
61 silly currentTree +-- mysql@2.1.1
61 silly currentTree | +-- bignumber.js@1.0.1
61 silly currentTree | +-- readable-stream@1.1.13
61 silly currentTree | | +-- core-util-is@1.0.2
61 silly currentTree | | +-- inherits@2.0.1
61 silly currentTree | | +-- isarray@0.0.1
61 silly currentTree | | `-- string_decoder@0.10.31
61 silly currentTree | `-- require-all@0.0.3
61 silly currentTree +-- node-uuid@1.4.7
61 silly currentTree +-- nodemailer@0.7.1
61 silly currentTree | +-- aws-sdk@2.0.5
61 silly currentTree | | +-- aws-sdk-apis@3.1.10
61 silly currentTree | | +-- xml2js@0.2.6
61 silly currentTree | | | `-- sax@0.4.2
61 silly currentTree | | `-- xmlbuilder@0.4.2
61 silly currentTree | +-- directmail@0.1.8
61 silly currentTree | +-- he@0.3.6
61 silly currentTree | +-- mailcomposer@0.2.12
61 silly currentTree | | +-- dkim-signer@0.1.2
61 silly currentTree | | | `-- punycode@1.2.4
61 silly currentTree | | +-- follow-redirects@0.0.3
61 silly currentTree | | | `-- underscore@1.8.3
61 silly currentTree | | +-- mime@1.2.11
61 silly currentTree | | `-- mimelib@0.2.19
61 silly currentTree | |   +-- addressparser@0.3.2
61 silly currentTree | |   `-- encoding@0.1.12
61 silly currentTree | +-- public-address@0.1.1
61 silly currentTree | +-- readable-stream@1.1.13
61 silly currentTree | | +-- core-util-is@1.0.2
61 silly currentTree | | +-- inherits@2.0.1
61 silly currentTree | | +-- isarray@0.0.1
61 silly currentTree | | `-- string_decoder@0.10.31
61 silly currentTree | `-- simplesmtp@0.3.35
61 silly currentTree |   +-- rai@0.1.12
61 silly currentTree |   `-- xoauth2@0.1.8
61 silly currentTree +-- nopt@3.0.6
61 silly currentTree | `-- abbrev@1.0.7
61 silly currentTree +-- oauth2orize@1.2.2
61 silly currentTree | +-- debug@2.2.0
61 silly currentTree | | `-- ms@0.7.1
61 silly currentTree | `-- uid2@0.0.3
61 silly currentTree +-- on-finished@2.3.0
61 silly currentTree | `-- ee-first@1.1.1
61 silly currentTree +-- on-headers@1.0.1
61 silly currentTree +-- passport-http-bearer@1.0.1
61 silly currentTree +-- passport-oauth2-client-password@0.1.2
61 silly currentTree +-- passport-strategy@1.0.0
61 silly currentTree +-- passport@0.3.2
61 silly currentTree | `-- pause@0.0.1
61 silly currentTree +-- path-match@1.2.3
61 silly currentTree | `-- path-to-regexp@1.2.1
61 silly currentTree |   `-- isarray@0.0.1
61 silly currentTree +-- pg-connection-string@0.1.3
61 silly currentTree +-- pg@4.1.1
61 silly currentTree | +-- buffer-writer@1.0.0
61 silly currentTree | +-- generic-pool@2.1.1
61 silly currentTree | +-- packet-reader@0.2.0
61 silly currentTree | +-- pg-types@1.6.0
61 silly currentTree | +-- pgpass@0.0.3
61 silly currentTree | | `-- split@0.3.3
61 silly currentTree | |   `-- through@2.3.8
61 silly currentTree | `-- semver@4.3.6
61 silly currentTree +-- request@2.69.0
61 silly currentTree | +-- aws-sign2@0.6.0
61 silly currentTree | +-- aws4@1.2.1
61 silly currentTree | | `-- lru-cache@2.7.3
61 silly currentTree | +-- bl@1.0.3
61 silly currentTree | | `-- readable-stream@2.0.5
61 silly currentTree | |   +-- core-util-is@1.0.2
61 silly currentTree | |   +-- inherits@2.0.1
61 silly currentTree | |   +-- isarray@0.0.1
61 silly currentTree | |   +-- process-nextick-args@1.0.6
61 silly currentTree | |   +-- string_decoder@0.10.31
61 silly currentTree | |   `-- util-deprecate@1.0.2
61 silly currentTree | +-- caseless@0.11.0
61 silly currentTree | +-- combined-stream@1.0.5
61 silly currentTree | | `-- delayed-stream@1.0.0
61 silly currentTree | +-- extend@3.0.0
61 silly currentTree | +-- forever-agent@0.6.1
61 silly currentTree | +-- form-data@1.0.0-rc3
61 silly currentTree | | `-- async@1.5.2
61 silly currentTree | +-- har-validator@2.0.6
61 silly currentTree | | +-- is-my-json-valid@2.13.0
61 silly currentTree | | | +-- generate-function@2.0.0
61 silly currentTree | | | +-- generate-object-property@1.2.0
61 silly currentTree | | | | `-- is-property@1.0.2
61 silly currentTree | | | +-- jsonpointer@2.0.0
61 silly currentTree | | | `-- xtend@4.0.1
61 silly currentTree | | `-- pinkie-promise@2.0.0
61 silly currentTree | |   `-- pinkie@2.0.4
61 silly currentTree | +-- hawk@3.1.3
61 silly currentTree | | +-- boom@2.10.1
61 silly currentTree | | +-- cryptiles@2.0.5
61 silly currentTree | | +-- hoek@2.16.3
61 silly currentTree | | `-- sntp@1.0.9
61 silly currentTree | +-- http-signature@1.1.1
61 silly currentTree | | +-- assert-plus@0.2.0
61 silly currentTree | | +-- jsprim@1.2.2
61 silly currentTree | | | +-- extsprintf@1.0.2
61 silly currentTree | | | +-- json-schema@0.2.2
61 silly currentTree | | | `-- verror@1.3.6
61 silly currentTree | | `-- sshpk@1.7.4
61 silly currentTree | |   +-- asn1@0.2.3
61 silly currentTree | |   +-- dashdash@1.13.0
61 silly currentTree | |   | `-- assert-plus@1.0.0
61 silly currentTree | |   +-- ecc-jsbn@0.1.1
61 silly currentTree | |   +-- jodid25519@1.0.2
61 silly currentTree | |   +-- jsbn@0.1.0
61 silly currentTree | |   `-- tweetnacl@0.13.3
61 silly currentTree | +-- is-typedarray@1.0.0
61 silly currentTree | +-- isstream@0.1.2
61 silly currentTree | +-- json-stringify-safe@5.0.1
61 silly currentTree | +-- oauth-sign@0.8.1
61 silly currentTree | +-- qs@6.0.2
61 silly currentTree | +-- stringstream@0.0.5
61 silly currentTree | `-- tunnel-agent@0.4.2
61 silly currentTree +-- rss@1.2.1
61 silly currentTree +-- semver@5.1.0
61 silly currentTree +-- showdown-ghost@0.3.6
61 silly currentTree +-- sqlite3@3.1.1
61 silly currentTree | +-- nan@2.1.0
61 silly currentTree | `-- node-pre-gyp@0.6.14
61 silly currentTree |   +-- mkdirp@0.5.1
61 silly currentTree |   | `-- minimist@0.0.8
61 silly currentTree |   +-- nopt@3.0.4
61 silly currentTree |   | `-- abbrev@1.0.7
61 silly currentTree |   +-- npmlog@1.2.1
61 silly currentTree |   | +-- ansi@0.3.0
61 silly currentTree |   | +-- are-we-there-yet@1.0.4
61 silly currentTree |   | | +-- delegates@0.1.0
61 silly currentTree |   | | `-- readable-stream@1.1.13
61 silly currentTree |   | |   +-- core-util-is@1.0.1
61 silly currentTree |   | |   +-- inherits@2.0.1
61 silly currentTree |   | |   +-- isarray@0.0.1
61 silly currentTree |   | |   `-- string_decoder@0.10.31
61 silly currentTree |   | `-- gauge@1.2.2
61 silly currentTree |   |   +-- has-unicode@1.0.0
61 silly currentTree |   |   +-- lodash.pad@3.1.1
61 silly currentTree |   |   | +-- lodash._basetostring@3.0.1
61 silly currentTree |   |   | `-- lodash._createpadding@3.6.1
61 silly currentTree |   |   |   `-- lodash.repeat@3.0.1
61 silly currentTree |   |   +-- lodash.padleft@3.1.1
61 silly currentTree |   |   | +-- lodash._basetostring@3.0.1
61 silly currentTree |   |   | `-- lodash._createpadding@3.6.1
61 silly currentTree |   |   |   `-- lodash.repeat@3.0.1
61 silly currentTree |   |   `-- lodash.padright@3.1.1
61 silly currentTree |   |     +-- lodash._basetostring@3.0.1
61 silly currentTree |   |     `-- lodash._createpadding@3.6.1
61 silly currentTree |   |       `-- lodash.repeat@3.0.1
61 silly currentTree |   +-- rc@1.1.2
61 silly currentTree |   | +-- deep-extend@0.2.11
61 silly currentTree |   | +-- ini@1.3.4
61 silly currentTree |   | +-- minimist@1.2.0
61 silly currentTree |   | `-- strip-json-comments@0.1.3
61 silly currentTree |   +-- request@2.64.0
61 silly currentTree |   | +-- aws-sign2@0.5.0
61 silly currentTree |   | +-- bl@1.0.0
61 silly currentTree |   | | `-- readable-stream@2.0.2
61 silly currentTree |   | |   +-- core-util-is@1.0.1
61 silly currentTree |   | |   +-- inherits@2.0.1
61 silly currentTree |   | |   +-- isarray@0.0.1
61 silly currentTree |   | |   +-- process-nextick-args@1.0.3
61 silly currentTree |   | |   +-- string_decoder@0.10.31
61 silly currentTree |   | |   `-- util-deprecate@1.0.1
61 silly currentTree |   | +-- caseless@0.11.0
61 silly currentTree |   | +-- combined-stream@1.0.5
61 silly currentTree |   | | `-- delayed-stream@1.0.0
61 silly currentTree |   | +-- extend@3.0.0
61 silly currentTree |   | +-- forever-agent@0.6.1
61 silly currentTree |   | +-- form-data@1.0.0-rc3
61 silly currentTree |   | | `-- async@1.4.2
61 silly currentTree |   | +-- har-validator@1.8.0
61 silly currentTree |   | | +-- bluebird@2.10.2
61 silly currentTree |   | | +-- chalk@1.1.1
61 silly currentTree |   | | | +-- ansi-styles@2.1.0
61 silly currentTree |   | | | +-- escape-string-regexp@1.0.3
61 silly currentTree |   | | | +-- has-ansi@2.0.0
61 silly currentTree |   | | | | `-- ansi-regex@2.0.0
61 silly currentTree |   | | | +-- strip-ansi@3.0.0
61 silly currentTree |   | | | | `-- ansi-regex@2.0.0
61 silly currentTree |   | | | `-- supports-color@2.0.0
61 silly currentTree |   | | +-- commander@2.8.1
61 silly currentTree |   | | | `-- graceful-readlink@1.0.1
61 silly currentTree |   | | `-- is-my-json-valid@2.12.2
61 silly currentTree |   | |   +-- generate-function@2.0.0
61 silly currentTree |   | |   +-- generate-object-property@1.2.0
61 silly currentTree |   | |   | `-- is-property@1.0.2
61 silly currentTree |   | |   +-- jsonpointer@2.0.0
61 silly currentTree |   | |   `-- xtend@4.0.0
61 silly currentTree |   | +-- hawk@3.1.0
61 silly currentTree |   | | +-- boom@2.9.0
61 silly currentTree |   | | +-- cryptiles@2.0.5
61 silly currentTree |   | | +-- hoek@2.16.3
61 silly currentTree |   | | `-- sntp@1.0.9
61 silly currentTree |   | +-- http-signature@0.11.0
61 silly currentTree |   | | +-- asn1@0.1.11
61 silly currentTree |   | | +-- assert-plus@0.1.5
61 silly currentTree |   | | `-- ctype@0.5.3
61 silly currentTree |   | +-- isstream@0.1.2
61 silly currentTree |   | +-- json-stringify-safe@5.0.1
61 silly currentTree |   | +-- mime-types@2.1.7
61 silly currentTree |   | | `-- mime-db@1.19.0
61 silly currentTree |   | +-- node-uuid@1.4.3
61 silly currentTree |   | +-- oauth-sign@0.8.0
61 silly currentTree |   | +-- qs@5.1.0
61 silly currentTree |   | +-- stringstream@0.0.4
61 silly currentTree |   | +-- tough-cookie@2.1.0
61 silly currentTree |   | `-- tunnel-agent@0.4.1
61 silly currentTree |   +-- rimraf@2.4.3
61 silly currentTree |   | `-- glob@5.0.15
61 silly currentTree |   |   +-- inflight@1.0.4
61 silly currentTree |   |   | `-- wrappy@1.0.1
61 silly currentTree |   |   +-- inherits@2.0.1
61 silly currentTree |   |   +-- minimatch@3.0.0
61 silly currentTree |   |   | `-- brace-expansion@1.1.1
61 silly currentTree |   |   |   +-- balanced-match@0.2.0
61 silly currentTree |   |   |   `-- concat-map@0.0.1
61 silly currentTree |   |   +-- once@1.3.2
61 silly currentTree |   |   | `-- wrappy@1.0.1
61 silly currentTree |   |   `-- path-is-absolute@1.0.0
61 silly currentTree |   +-- semver@5.0.3
61 silly currentTree |   +-- tar-pack@2.0.0
61 silly currentTree |   | +-- debug@0.7.4
61 silly currentTree |   | +-- fstream-ignore@0.0.7
61 silly currentTree |   | | +-- inherits@2.0.1
61 silly currentTree |   | | `-- minimatch@0.2.14
61 silly currentTree |   | |   +-- lru-cache@2.7.0
61 silly currentTree |   | |   `-- sigmund@1.0.1
61 silly currentTree |   | +-- fstream@0.1.31
61 silly currentTree |   | | +-- graceful-fs@3.0.8
61 silly currentTree |   | | `-- inherits@2.0.1
61 silly currentTree |   | +-- graceful-fs@1.2.3
61 silly currentTree |   | +-- once@1.1.1
61 silly currentTree |   | +-- readable-stream@1.0.33
61 silly currentTree |   | | +-- core-util-is@1.0.1
61 silly currentTree |   | | +-- inherits@2.0.1
61 silly currentTree |   | | +-- isarray@0.0.1
61 silly currentTree |   | | `-- string_decoder@0.10.31
61 silly currentTree |   | +-- rimraf@2.2.8
61 silly currentTree |   | +-- tar@0.1.20
61 silly currentTree |   | | +-- block-stream@0.0.8
61 silly currentTree |   | | `-- inherits@2.0.1
61 silly currentTree |   | `-- uid-number@0.0.3
61 silly currentTree |   `-- tar@2.2.1
61 silly currentTree |     +-- block-stream@0.0.8
61 silly currentTree |     +-- fstream@1.0.8
61 silly currentTree |     | `-- graceful-fs@4.1.2
61 silly currentTree |     `-- inherits@2.0.1
61 silly currentTree +-- statuses@1.2.1
61 silly currentTree +-- tough-cookie@2.2.1
61 silly currentTree +-- type-is@1.6.11
61 silly currentTree | `-- media-typer@0.3.0
61 silly currentTree +-- unidecode@0.1.8
61 silly currentTree +-- unpipe@1.0.0
61 silly currentTree +-- utils-merge@1.0.0
61 silly currentTree +-- validator@4.5.0
61 silly currentTree `-- xml@1.0.1
62 silly idealTree ghost@0.7.8
62 silly idealTree +-- bcryptjs@2.3.0
62 silly idealTree +-- bluebird@2.10.2
62 silly idealTree +-- body-parser@1.14.2
62 silly idealTree | +-- debug@2.2.0
62 silly idealTree | | `-- ms@0.7.1
62 silly idealTree | +-- depd@1.1.0
62 silly idealTree | +-- qs@5.2.0
62 silly idealTree | `-- raw-body@2.1.5
62 silly idealTree +-- bookshelf@0.9.1
62 silly idealTree | +-- core-js@1.2.6
62 silly idealTree | +-- create-error@0.3.1
62 silly idealTree | `-- inflection@1.8.0
62 silly idealTree +-- busboy@0.2.12
62 silly idealTree | +-- dicer@0.2.5
62 silly idealTree | | `-- streamsearch@0.1.2
62 silly idealTree | `-- readable-stream@1.1.13
62 silly idealTree |   +-- core-util-is@1.0.2
62 silly idealTree |   +-- inherits@2.0.1
62 silly idealTree |   +-- isarray@0.0.1
62 silly idealTree |   `-- string_decoder@0.10.31
62 silly idealTree +-- bytes@2.2.0
62 silly idealTree +-- chalk@1.1.1
62 silly idealTree | +-- ansi-regex@2.0.0
62 silly idealTree | +-- ansi-styles@2.1.0
62 silly idealTree | +-- escape-string-regexp@1.0.4
62 silly idealTree | +-- has-ansi@2.0.0
62 silly idealTree | +-- strip-ansi@3.0.0
62 silly idealTree | `-- supports-color@2.0.0
62 silly idealTree +-- cheerio@0.20.0
62 silly idealTree | +-- css-select@1.2.0
62 silly idealTree | | +-- boolbase@1.0.0
62 silly idealTree | | +-- css-what@2.1.0
62 silly idealTree | | `-- nth-check@1.0.1
62 silly idealTree | +-- dom-serializer@0.1.0
62 silly idealTree | +-- domelementtype@1.1.3
62 silly idealTree | +-- domutils@1.5.1
62 silly idealTree | +-- entities@1.1.1
62 silly idealTree | +-- htmlparser2@3.8.3
62 silly idealTree | | +-- domhandler@2.3.0
62 silly idealTree | | +-- entities@1.0.0
62 silly idealTree | | `-- readable-stream@1.1.13
62 silly idealTree | |   +-- core-util-is@1.0.2
62 silly idealTree | |   +-- inherits@2.0.1
62 silly idealTree | |   +-- isarray@0.0.1
62 silly idealTree | |   `-- string_decoder@0.10.31
62 silly idealTree | +-- jsdom@7.2.2
62 silly idealTree | | +-- abab@1.0.3
62 silly idealTree | | +-- acorn-globals@1.0.9
62 silly idealTree | | +-- acorn@2.7.0
62 silly idealTree | | +-- cssom@0.3.1
62 silly idealTree | | +-- cssstyle@0.2.34
62 silly idealTree | | +-- escodegen@1.8.0
62 silly idealTree | | | +-- esprima@2.7.2
62 silly idealTree | | | +-- estraverse@1.9.3
62 silly idealTree | | | +-- esutils@2.0.2
62 silly idealTree | | | +-- optionator@0.8.1
62 silly idealTree | | | | +-- deep-is@0.1.3
62 silly idealTree | | | | +-- fast-levenshtein@1.1.3
62 silly idealTree | | | | +-- levn@0.3.0
62 silly idealTree | | | | +-- prelude-ls@1.1.2
62 silly idealTree | | | | +-- type-check@0.3.2
62 silly idealTree | | | | `-- wordwrap@1.0.0
62 silly idealTree | | | `-- source-map@0.2.0
62 silly idealTree | | |   `-- amdefine@1.0.0
62 silly idealTree | | +-- nwmatcher@1.3.7
62 silly idealTree | | +-- parse5@1.5.1
62 silly idealTree | | +-- sax@1.1.5
62 silly idealTree | | +-- symbol-tree@3.1.4
62 silly idealTree | | +-- webidl-conversions@2.0.1
62 silly idealTree | | +-- whatwg-url-compat@0.6.5
62 silly idealTree | | | `-- tr46@0.0.3
62 silly idealTree | | `-- xml-name-validator@2.0.1
62 silly idealTree | `-- lodash@4.5.0
62 silly idealTree +-- commander@2.9.0
62 silly idealTree | `-- graceful-readlink@1.0.1
62 silly idealTree +-- compression@1.6.1
62 silly idealTree | +-- accepts@1.3.1
62 silly idealTree | | +-- mime-types@2.1.10
62 silly idealTree | | | `-- mime-db@1.22.0
62 silly idealTree | | `-- negotiator@0.6.0
62 silly idealTree | +-- compressible@2.0.7
62 silly idealTree | | `-- mime-db@1.22.0
62 silly idealTree | +-- debug@2.2.0
62 silly idealTree | | `-- ms@0.7.1
62 silly idealTree | `-- vary@1.1.0
62 silly idealTree +-- connect-slashes@1.3.1
62 silly idealTree +-- content-type@1.0.1
62 silly idealTree +-- cookie-session@1.2.0
62 silly idealTree | +-- cookies@0.5.0
62 silly idealTree | | `-- keygrip@1.0.1
62 silly idealTree | `-- debug@2.2.0
62 silly idealTree |   `-- ms@0.7.1
62 silly idealTree +-- downsize@0.0.8
62 silly idealTree | `-- xregexp@2.0.0
62 silly idealTree +-- express-hbs@0.8.4
62 silly idealTree | +-- handlebars@3.0.3
62 silly idealTree | | +-- optimist@0.6.1
62 silly idealTree | | | +-- minimist@0.0.10
62 silly idealTree | | | `-- wordwrap@0.0.3
62 silly idealTree | | +-- source-map@0.1.43
62 silly idealTree | | | `-- amdefine@1.0.0
62 silly idealTree | | `-- uglify-js@2.3.6
62 silly idealTree | |   +-- async@0.2.10
62 silly idealTree | |   `-- optimist@0.3.7
62 silly idealTree | |     `-- wordwrap@0.0.3
62 silly idealTree | +-- js-beautify@1.5.4
62 silly idealTree | | `-- config-chain@1.1.10
62 silly idealTree | |   `-- proto-list@1.2.4
62 silly idealTree | `-- readdirp@1.3.0
62 silly idealTree |   +-- graceful-fs@2.0.3
62 silly idealTree |   `-- readable-stream@1.0.33
62 silly idealTree |     +-- core-util-is@1.0.2
62 silly idealTree |     +-- inherits@2.0.1
62 silly idealTree |     +-- isarray@0.0.1
62 silly idealTree |     `-- string_decoder@0.10.31
62 silly idealTree +-- express@4.13.4
62 silly idealTree | +-- accepts@1.2.13
62 silly idealTree | | +-- mime-types@2.1.10
62 silly idealTree | | | `-- mime-db@1.22.0
62 silly idealTree | | `-- negotiator@0.5.3
62 silly idealTree | +-- array-flatten@1.1.1
62 silly idealTree | +-- content-disposition@0.5.1
62 silly idealTree | +-- cookie-signature@1.0.6
62 silly idealTree | +-- cookie@0.1.5
62 silly idealTree | +-- debug@2.2.0
62 silly idealTree | | `-- ms@0.7.1
62 silly idealTree | +-- depd@1.1.0
62 silly idealTree | +-- escape-html@1.0.3
62 silly idealTree | +-- etag@1.7.0
62 silly idealTree | +-- finalhandler@0.4.1
62 silly idealTree | +-- fresh@0.3.0
62 silly idealTree | +-- merge-descriptors@1.0.1
62 silly idealTree | +-- methods@1.1.2
62 silly idealTree | +-- parseurl@1.3.1
62 silly idealTree | +-- path-to-regexp@0.1.7
62 silly idealTree | +-- proxy-addr@1.0.10
62 silly idealTree | | +-- forwarded@0.1.0
62 silly idealTree | | `-- ipaddr.js@1.0.5
62 silly idealTree | +-- qs@4.0.0
62 silly idealTree | +-- range-parser@1.0.3
62 silly idealTree | +-- send@0.13.1
62 silly idealTree | | +-- destroy@1.0.4
62 silly idealTree | | +-- mime@1.3.4
62 silly idealTree | | `-- ms@0.7.1
62 silly idealTree | +-- serve-static@1.10.2
62 silly idealTree | `-- vary@1.0.1
62 silly idealTree +-- extract-zip@1.4.1
62 silly idealTree | +-- concat-stream@1.5.0
62 silly idealTree | | +-- readable-stream@2.0.5
62 silly idealTree | | | +-- core-util-is@1.0.2
62 silly idealTree | | | +-- isarray@0.0.1
62 silly idealTree | | | +-- process-nextick-args@1.0.6
62 silly idealTree | | | +-- string_decoder@0.10.31
62 silly idealTree | | | `-- util-deprecate@1.0.2
62 silly idealTree | | `-- typedarray@0.0.6
62 silly idealTree | +-- debug@0.7.4
62 silly idealTree | `-- yauzl@2.4.1
62 silly idealTree |   `-- fd-slicer@1.0.1
62 silly idealTree |     `-- pend@1.2.0
62 silly idealTree +-- fs-extra@0.26.5
62 silly idealTree | +-- graceful-fs@4.1.3
62 silly idealTree | +-- jsonfile@2.2.3
62 silly idealTree | +-- klaw@1.1.3
62 silly idealTree | +-- path-is-absolute@1.0.0
62 silly idealTree | `-- rimraf@2.5.2
62 silly idealTree |   `-- glob@7.0.0
62 silly idealTree |     +-- inflight@1.0.4
62 silly idealTree |     | `-- wrappy@1.0.1
62 silly idealTree |     +-- inherits@2.0.1
62 silly idealTree |     +-- minimatch@3.0.0
62 silly idealTree |     | `-- brace-expansion@1.1.3
62 silly idealTree |     |   +-- balanced-match@0.3.0
62 silly idealTree |     |   `-- concat-map@0.0.1
62 silly idealTree |     `-- once@1.3.3
62 silly idealTree |       `-- wrappy@1.0.1
62 silly idealTree +-- ghost-gql@0.0.4
62 silly idealTree +-- glob@5.0.15
62 silly idealTree | +-- inflight@1.0.4
62 silly idealTree | | `-- wrappy@1.0.1
62 silly idealTree | +-- inherits@2.0.1
62 silly idealTree | +-- minimatch@3.0.0
62 silly idealTree | | `-- brace-expansion@1.1.3
62 silly idealTree | |   +-- balanced-match@0.3.0
62 silly idealTree | |   `-- concat-map@0.0.1
62 silly idealTree | +-- once@1.3.3
62 silly idealTree | | `-- wrappy@1.0.1
62 silly idealTree | `-- path-is-absolute@1.0.0
62 silly idealTree +-- html-to-text@1.6.0
62 silly idealTree | +-- htmlparser@1.7.7
62 silly idealTree | +-- optimist@0.6.1
62 silly idealTree | | +-- minimist@0.0.10
62 silly idealTree | | `-- wordwrap@0.0.3
62 silly idealTree | +-- underscore.string@2.4.0
62 silly idealTree | `-- underscore@1.8.3
62 silly idealTree +-- http-errors@1.3.1
62 silly idealTree +-- iconv-lite@0.4.13
62 silly idealTree +-- inherits@2.0.1
62 silly idealTree +-- ini@1.3.4
62 silly idealTree +-- intl-messageformat@1.2.0
62 silly idealTree | `-- intl-messageformat-parser@1.2.0
62 silly idealTree +-- intl@1.0.1
62 silly idealTree +-- jsonpath@0.2.2
62 silly idealTree | +-- esprima@1.2.2
62 silly idealTree | +-- jison@0.4.13
62 silly idealTree | | +-- cjson@0.2.1
62 silly idealTree | | +-- ebnf-parser@0.1.10
62 silly idealTree | | +-- escodegen@0.0.21
62 silly idealTree | | | +-- estraverse@0.0.4
62 silly idealTree | | | `-- source-map@0.5.3
62 silly idealTree | | +-- esprima@1.0.4
62 silly idealTree | | +-- jison-lex@0.2.1
62 silly idealTree | | +-- JSONSelect@0.4.0
62 silly idealTree | | +-- lex-parser@0.1.4
62 silly idealTree | | `-- nomnom@1.5.2
62 silly idealTree | |   +-- colors@0.5.1
62 silly idealTree | |   `-- underscore@1.1.7
62 silly idealTree | +-- static-eval@0.2.3
62 silly idealTree | | `-- escodegen@0.0.28
62 silly idealTree | |   +-- esprima@1.0.4
62 silly idealTree | |   +-- estraverse@1.3.2
62 silly idealTree | |   `-- source-map@0.5.3
62 silly idealTree | `-- underscore@1.7.0
62 silly idealTree +-- knex@0.9.0
62 silly idealTree | +-- debug@2.2.0
62 silly idealTree | | `-- ms@0.7.1
62 silly idealTree | +-- interpret@0.6.6
62 silly idealTree | +-- liftoff@2.0.3
62 silly idealTree | | +-- extend@2.0.1
62 silly idealTree | | +-- findup-sync@0.2.1
62 silly idealTree | | | `-- glob@4.3.5
62 silly idealTree | | |   +-- inflight@1.0.4
62 silly idealTree | | |   | `-- wrappy@1.0.1
62 silly idealTree | | |   +-- minimatch@2.0.10
62 silly idealTree | | |   | `-- brace-expansion@1.1.3
62 silly idealTree | | |   |   +-- balanced-match@0.3.0
62 silly idealTree | | |   |   `-- concat-map@0.0.1
62 silly idealTree | | |   `-- once@1.3.3
62 silly idealTree | | |     `-- wrappy@1.0.1
62 silly idealTree | | +-- flagged-respawn@0.3.1
62 silly idealTree | | `-- resolve@1.1.7
62 silly idealTree | +-- pool2@1.3.1
62 silly idealTree | | +-- double-ended-queue@2.1.0-0
62 silly idealTree | | +-- hashmap@2.0.4
62 silly idealTree | | `-- simple-backoff@1.0.0
62 silly idealTree | +-- readable-stream@1.1.13
62 silly idealTree | | +-- core-util-is@1.0.2
62 silly idealTree | | +-- isarray@0.0.1
62 silly idealTree | | `-- string_decoder@0.10.31
62 silly idealTree | +-- tildify@1.0.0
62 silly idealTree | +-- user-home@1.1.1
62 silly idealTree | `-- v8flags@2.0.11
62 silly idealTree +-- lodash@3.10.1
62 silly idealTree +-- mime-types@2.1.10
62 silly idealTree | `-- mime-db@1.22.0
62 silly idealTree +-- minimatch@0.2.14
62 silly idealTree | +-- lru-cache@2.7.3
62 silly idealTree | `-- sigmund@1.0.1
62 silly idealTree +-- minimist@1.1.3
62 silly idealTree +-- mkdirp@0.5.0
62 silly idealTree | `-- minimist@0.0.8
62 silly idealTree +-- moment@2.11.2
62 silly idealTree +-- morgan@1.6.1
62 silly idealTree | +-- basic-auth@1.0.3
62 silly idealTree | +-- debug@2.2.0
62 silly idealTree | | `-- ms@0.7.1
62 silly idealTree | `-- depd@1.0.1
62 silly idealTree +-- mysql@2.1.1
62 silly idealTree | +-- bignumber.js@1.0.1
62 silly idealTree | +-- readable-stream@1.1.13
62 silly idealTree | | +-- core-util-is@1.0.2
62 silly idealTree | | +-- inherits@2.0.1
62 silly idealTree | | +-- isarray@0.0.1
62 silly idealTree | | `-- string_decoder@0.10.31
62 silly idealTree | `-- require-all@0.0.3
62 silly idealTree +-- node-uuid@1.4.7
62 silly idealTree +-- nodemailer@0.7.1
62 silly idealTree | +-- aws-sdk@2.0.5
62 silly idealTree | | +-- aws-sdk-apis@3.1.10
62 silly idealTree | | +-- xml2js@0.2.6
62 silly idealTree | | | `-- sax@0.4.2
62 silly idealTree | | `-- xmlbuilder@0.4.2
62 silly idealTree | +-- directmail@0.1.8
62 silly idealTree | +-- he@0.3.6
62 silly idealTree | +-- mailcomposer@0.2.12
62 silly idealTree | | +-- dkim-signer@0.1.2
62 silly idealTree | | | `-- punycode@1.2.4
62 silly idealTree | | +-- follow-redirects@0.0.3
62 silly idealTree | | | `-- underscore@1.8.3
62 silly idealTree | | +-- mime@1.2.11
62 silly idealTree | | `-- mimelib@0.2.19
62 silly idealTree | |   +-- addressparser@0.3.2
62 silly idealTree | |   `-- encoding@0.1.12
62 silly idealTree | +-- public-address@0.1.1
62 silly idealTree | +-- readable-stream@1.1.13
62 silly idealTree | | +-- core-util-is@1.0.2
62 silly idealTree | | +-- inherits@2.0.1
62 silly idealTree | | +-- isarray@0.0.1
62 silly idealTree | | `-- string_decoder@0.10.31
62 silly idealTree | `-- simplesmtp@0.3.35
62 silly idealTree |   +-- rai@0.1.12
62 silly idealTree |   `-- xoauth2@0.1.8
62 silly idealTree +-- nopt@3.0.6
62 silly idealTree | `-- abbrev@1.0.7
62 silly idealTree +-- oauth2orize@1.2.2
62 silly idealTree | +-- debug@2.2.0
62 silly idealTree | | `-- ms@0.7.1
62 silly idealTree | `-- uid2@0.0.3
62 silly idealTree +-- on-finished@2.3.0
62 silly idealTree | `-- ee-first@1.1.1
62 silly idealTree +-- on-headers@1.0.1
62 silly idealTree +-- passport-http-bearer@1.0.1
62 silly idealTree +-- passport-oauth2-client-password@0.1.2
62 silly idealTree +-- passport-strategy@1.0.0
62 silly idealTree +-- passport@0.3.2
62 silly idealTree | `-- pause@0.0.1
62 silly idealTree +-- path-match@1.2.3
62 silly idealTree | `-- path-to-regexp@1.2.1
62 silly idealTree |   `-- isarray@0.0.1
62 silly idealTree +-- pg-connection-string@0.1.3
62 silly idealTree +-- pg@4.1.1
62 silly idealTree | +-- buffer-writer@1.0.0
62 silly idealTree | +-- generic-pool@2.1.1
62 silly idealTree | +-- packet-reader@0.2.0
62 silly idealTree | +-- pg-types@1.6.0
62 silly idealTree | +-- pgpass@0.0.3
62 silly idealTree | | `-- split@0.3.3
62 silly idealTree | |   `-- through@2.3.8
62 silly idealTree | `-- semver@4.3.6
62 silly idealTree +-- request@2.69.0
62 silly idealTree | +-- aws-sign2@0.6.0
62 silly idealTree | +-- aws4@1.2.1
62 silly idealTree | | `-- lru-cache@2.7.3
62 silly idealTree | +-- bl@1.0.3
62 silly idealTree | | `-- readable-stream@2.0.5
62 silly idealTree | |   +-- core-util-is@1.0.2
62 silly idealTree | |   +-- inherits@2.0.1
62 silly idealTree | |   +-- isarray@0.0.1
62 silly idealTree | |   +-- process-nextick-args@1.0.6
62 silly idealTree | |   +-- string_decoder@0.10.31
62 silly idealTree | |   `-- util-deprecate@1.0.2
62 silly idealTree | +-- caseless@0.11.0
62 silly idealTree | +-- combined-stream@1.0.5
62 silly idealTree | | `-- delayed-stream@1.0.0
62 silly idealTree | +-- extend@3.0.0
62 silly idealTree | +-- forever-agent@0.6.1
62 silly idealTree | +-- form-data@1.0.0-rc3
62 silly idealTree | | `-- async@1.5.2
62 silly idealTree | +-- har-validator@2.0.6
62 silly idealTree | | +-- is-my-json-valid@2.13.0
62 silly idealTree | | | +-- generate-function@2.0.0
62 silly idealTree | | | +-- generate-object-property@1.2.0
62 silly idealTree | | | | `-- is-property@1.0.2
62 silly idealTree | | | +-- jsonpointer@2.0.0
62 silly idealTree | | | `-- xtend@4.0.1
62 silly idealTree | | `-- pinkie-promise@2.0.0
62 silly idealTree | |   `-- pinkie@2.0.4
62 silly idealTree | +-- hawk@3.1.3
62 silly idealTree | | +-- boom@2.10.1
62 silly idealTree | | +-- cryptiles@2.0.5
62 silly idealTree | | +-- hoek@2.16.3
62 silly idealTree | | `-- sntp@1.0.9
62 silly idealTree | +-- http-signature@1.1.1
62 silly idealTree | | +-- assert-plus@0.2.0
62 silly idealTree | | +-- jsprim@1.2.2
62 silly idealTree | | | +-- extsprintf@1.0.2
62 silly idealTree | | | +-- json-schema@0.2.2
62 silly idealTree | | | `-- verror@1.3.6
62 silly idealTree | | `-- sshpk@1.7.4
62 silly idealTree | |   +-- asn1@0.2.3
62 silly idealTree | |   +-- dashdash@1.13.0
62 silly idealTree | |   | `-- assert-plus@1.0.0
62 silly idealTree | |   +-- ecc-jsbn@0.1.1
62 silly idealTree | |   +-- jodid25519@1.0.2
62 silly idealTree | |   +-- jsbn@0.1.0
62 silly idealTree | |   `-- tweetnacl@0.13.3
62 silly idealTree | +-- is-typedarray@1.0.0
62 silly idealTree | +-- isstream@0.1.2
62 silly idealTree | +-- json-stringify-safe@5.0.1
62 silly idealTree | +-- oauth-sign@0.8.1
62 silly idealTree | +-- qs@6.0.2
62 silly idealTree | +-- stringstream@0.0.5
62 silly idealTree | `-- tunnel-agent@0.4.2
62 silly idealTree +-- rss@1.2.1
62 silly idealTree +-- semver@5.1.0
62 silly idealTree +-- showdown-ghost@0.3.6
62 silly idealTree +-- sqlite3@3.1.1
62 silly idealTree | +-- nan@2.1.0
62 silly idealTree | `-- node-pre-gyp@0.6.14
62 silly idealTree |   +-- mkdirp@0.5.1
62 silly idealTree |   | `-- minimist@0.0.8
62 silly idealTree |   +-- nopt@3.0.4
62 silly idealTree |   | `-- abbrev@1.0.7
62 silly idealTree |   +-- npmlog@1.2.1
62 silly idealTree |   | +-- ansi@0.3.0
62 silly idealTree |   | +-- are-we-there-yet@1.0.4
62 silly idealTree |   | | +-- delegates@0.1.0
62 silly idealTree |   | | `-- readable-stream@1.1.13
62 silly idealTree |   | |   +-- core-util-is@1.0.1
62 silly idealTree |   | |   +-- inherits@2.0.1
62 silly idealTree |   | |   +-- isarray@0.0.1
62 silly idealTree |   | |   `-- string_decoder@0.10.31
62 silly idealTree |   | `-- gauge@1.2.2
62 silly idealTree |   |   +-- has-unicode@1.0.0
62 silly idealTree |   |   +-- lodash.pad@3.1.1
62 silly idealTree |   |   | +-- lodash._basetostring@3.0.1
62 silly idealTree |   |   | `-- lodash._createpadding@3.6.1
62 silly idealTree |   |   |   `-- lodash.repeat@3.0.1
62 silly idealTree |   |   +-- lodash.padleft@3.1.1
62 silly idealTree |   |   | +-- lodash._basetostring@3.0.1
62 silly idealTree |   |   | `-- lodash._createpadding@3.6.1
62 silly idealTree |   |   |   `-- lodash.repeat@3.0.1
62 silly idealTree |   |   `-- lodash.padright@3.1.1
62 silly idealTree |   |     +-- lodash._basetostring@3.0.1
62 silly idealTree |   |     `-- lodash._createpadding@3.6.1
62 silly idealTree |   |       `-- lodash.repeat@3.0.1
62 silly idealTree |   +-- rc@1.1.2
62 silly idealTree |   | +-- deep-extend@0.2.11
62 silly idealTree |   | +-- ini@1.3.4
62 silly idealTree |   | +-- minimist@1.2.0
62 silly idealTree |   | `-- strip-json-comments@0.1.3
62 silly idealTree |   +-- request@2.64.0
62 silly idealTree |   | +-- aws-sign2@0.5.0
62 silly idealTree |   | +-- bl@1.0.0
62 silly idealTree |   | | `-- readable-stream@2.0.2
62 silly idealTree |   | |   +-- core-util-is@1.0.1
62 silly idealTree |   | |   +-- inherits@2.0.1
62 silly idealTree |   | |   +-- isarray@0.0.1
62 silly idealTree |   | |   +-- process-nextick-args@1.0.3
62 silly idealTree |   | |   +-- string_decoder@0.10.31
62 silly idealTree |   | |   `-- util-deprecate@1.0.1
62 silly idealTree |   | +-- caseless@0.11.0
62 silly idealTree |   | +-- combined-stream@1.0.5
62 silly idealTree |   | | `-- delayed-stream@1.0.0
62 silly idealTree |   | +-- extend@3.0.0
62 silly idealTree |   | +-- forever-agent@0.6.1
62 silly idealTree |   | +-- form-data@1.0.0-rc3
62 silly idealTree |   | | `-- async@1.4.2
62 silly idealTree |   | +-- har-validator@1.8.0
62 silly idealTree |   | | +-- bluebird@2.10.2
62 silly idealTree |   | | +-- chalk@1.1.1
62 silly idealTree |   | | | +-- ansi-styles@2.1.0
62 silly idealTree |   | | | +-- escape-string-regexp@1.0.3
62 silly idealTree |   | | | +-- has-ansi@2.0.0
62 silly idealTree |   | | | | `-- ansi-regex@2.0.0
62 silly idealTree |   | | | +-- strip-ansi@3.0.0
62 silly idealTree |   | | | | `-- ansi-regex@2.0.0
62 silly idealTree |   | | | `-- supports-color@2.0.0
62 silly idealTree |   | | +-- commander@2.8.1
62 silly idealTree |   | | | `-- graceful-readlink@1.0.1
62 silly idealTree |   | | `-- is-my-json-valid@2.12.2
62 silly idealTree |   | |   +-- generate-function@2.0.0
62 silly idealTree |   | |   +-- generate-object-property@1.2.0
62 silly idealTree |   | |   | `-- is-property@1.0.2
62 silly idealTree |   | |   +-- jsonpointer@2.0.0
62 silly idealTree |   | |   `-- xtend@4.0.0
62 silly idealTree |   | +-- hawk@3.1.0
62 silly idealTree |   | | +-- boom@2.9.0
62 silly idealTree |   | | +-- cryptiles@2.0.5
62 silly idealTree |   | | +-- hoek@2.16.3
62 silly idealTree |   | | `-- sntp@1.0.9
62 silly idealTree |   | +-- http-signature@0.11.0
62 silly idealTree |   | | +-- asn1@0.1.11
62 silly idealTree |   | | +-- assert-plus@0.1.5
62 silly idealTree |   | | `-- ctype@0.5.3
62 silly idealTree |   | +-- isstream@0.1.2
62 silly idealTree |   | +-- json-stringify-safe@5.0.1
62 silly idealTree |   | +-- mime-types@2.1.7
62 silly idealTree |   | | `-- mime-db@1.19.0
62 silly idealTree |   | +-- node-uuid@1.4.3
62 silly idealTree |   | +-- oauth-sign@0.8.0
62 silly idealTree |   | +-- qs@5.1.0
62 silly idealTree |   | +-- stringstream@0.0.4
62 silly idealTree |   | +-- tough-cookie@2.1.0
62 silly idealTree |   | `-- tunnel-agent@0.4.1
62 silly idealTree |   +-- rimraf@2.4.3
62 silly idealTree |   | `-- glob@5.0.15
62 silly idealTree |   |   +-- inflight@1.0.4
62 silly idealTree |   |   | `-- wrappy@1.0.1
62 silly idealTree |   |   +-- inherits@2.0.1
62 silly idealTree |   |   +-- minimatch@3.0.0
62 silly idealTree |   |   | `-- brace-expansion@1.1.1
62 silly idealTree |   |   |   +-- balanced-match@0.2.0
62 silly idealTree |   |   |   `-- concat-map@0.0.1
62 silly idealTree |   |   +-- once@1.3.2
62 silly idealTree |   |   | `-- wrappy@1.0.1
62 silly idealTree |   |   `-- path-is-absolute@1.0.0
62 silly idealTree |   +-- semver@5.0.3
62 silly idealTree |   +-- tar-pack@2.0.0
62 silly idealTree |   | +-- debug@0.7.4
62 silly idealTree |   | +-- fstream-ignore@0.0.7
62 silly idealTree |   | | +-- inherits@2.0.1
62 silly idealTree |   | | `-- minimatch@0.2.14
62 silly idealTree |   | |   +-- lru-cache@2.7.0
62 silly idealTree |   | |   `-- sigmund@1.0.1
62 silly idealTree |   | +-- fstream@0.1.31
62 silly idealTree |   | | +-- graceful-fs@3.0.8
62 silly idealTree |   | | `-- inherits@2.0.1
62 silly idealTree |   | +-- graceful-fs@1.2.3
62 silly idealTree |   | +-- once@1.1.1
62 silly idealTree |   | +-- readable-stream@1.0.33
62 silly idealTree |   | | +-- core-util-is@1.0.1
62 silly idealTree |   | | +-- inherits@2.0.1
62 silly idealTree |   | | +-- isarray@0.0.1
62 silly idealTree |   | | `-- string_decoder@0.10.31
62 silly idealTree |   | +-- rimraf@2.2.8
62 silly idealTree |   | +-- tar@0.1.20
62 silly idealTree |   | | +-- block-stream@0.0.8
62 silly idealTree |   | | `-- inherits@2.0.1
62 silly idealTree |   | `-- uid-number@0.0.3
62 silly idealTree |   `-- tar@2.2.1
62 silly idealTree |     +-- block-stream@0.0.8
62 silly idealTree |     +-- fstream@1.0.8
62 silly idealTree |     | `-- graceful-fs@4.1.2
62 silly idealTree |     `-- inherits@2.0.1
62 silly idealTree +-- statuses@1.2.1
62 silly idealTree +-- tough-cookie@2.2.1
62 silly idealTree +-- type-is@1.6.11
62 silly idealTree | `-- media-typer@0.3.0
62 silly idealTree +-- unidecode@0.1.8
62 silly idealTree +-- unpipe@1.0.0
62 silly idealTree +-- utils-merge@1.0.0
62 silly idealTree +-- validator@4.5.0
62 silly idealTree `-- xml@1.0.1
63 silly generateActionsToTake Starting
64 silly install generateActionsToTake
65 silly generateActionsToTake Finishing
66 silly diffTrees action count 0
67 silly decomposeActions action count 0
68 silly executeActions Starting
69 silly install executeActions
70 silly doSerial global-install 0
71 silly doParallel fetch 0
72 verbose correctMkdir /home/zaibon/.npm/_locks correctMkdir not in flight; initializing
73 verbose lock using /home/zaibon/.npm/_locks/staging-6cc4b5b12dc1b69a.lock for /home/zaibon/dev/laminerie/node_modules/.staging
74 silly doParallel extract 0
75 silly doParallel preinstall 0
76 silly doReverseSerial remove 0
77 silly doSerial move 0
78 silly doSerial finalize 0
79 silly doSerial build 0
80 silly doSerial global-link 0
81 silly doParallel update-linked 0
82 silly doSerial install 0
83 silly doSerial postinstall 0
84 verbose unlock done using /home/zaibon/.npm/_locks/staging-6cc4b5b12dc1b69a.lock for /home/zaibon/dev/laminerie/node_modules/.staging
85 silly executeActions Finishing
86 silly rollbackFailedOptional Starting
87 silly rollbackFailedOptional Finishing
88 silly runTopLevelLifecycles Starting
89 silly install runTopLevelLifecycles
90 silly preinstall ghost@0.7.8 /home/zaibon/dev/laminerie/ghost-e79434fd
91 info lifecycle ghost@0.7.8~preinstall: ghost@0.7.8
92 verbose lifecycle ghost@0.7.8~preinstall: unsafe-perm in lifecycle true
93 verbose lifecycle ghost@0.7.8~preinstall: PATH: /usr/lib/node_modules/npm/bin/node-gyp-bin:/home/zaibon/dev/laminerie/node_modules/.bin:/usr/bin:/usr/local/sbin:/usr/local/bin:/usr/bin:/usr/bin/site_perl:/usr/bin/vendor_perl:/usr/bin/core_perl:/home/zaibon/dev/go/bin:/home/zaibon/.gem/ruby/2.2.0/bin
94 verbose lifecycle ghost@0.7.8~preinstall: CWD: /home/zaibon/dev/laminerie
95 silly lifecycle ghost@0.7.8~preinstall: Args: [ '-c',
95 silly lifecycle   'npm install semver && node -e "require(\'./core/server/utils/startup-check.js\').nodeVersion()"' ]
96 silly lifecycle ghost@0.7.8~preinstall: Returned: code: 231  signal: null
97 info lifecycle ghost@0.7.8~preinstall: Failed to exec preinstall script
98 verbose stack Error: ghost@0.7.8 preinstall: `npm install semver && node -e "require('./core/server/utils/startup-check.js').nodeVersion()"`
98 verbose stack Exit status 231
98 verbose stack     at EventEmitter.<anonymous> (/usr/lib/node_modules/npm/lib/utils/lifecycle.js:239:16)
98 verbose stack     at emitTwo (events.js:100:13)
98 verbose stack     at EventEmitter.emit (events.js:185:7)
98 verbose stack     at ChildProcess.<anonymous> (/usr/lib/node_modules/npm/lib/utils/spawn.js:24:14)
98 verbose stack     at emitTwo (events.js:100:13)
98 verbose stack     at ChildProcess.emit (events.js:185:7)
98 verbose stack     at maybeClose (internal/child_process.js:850:16)
98 verbose stack     at Process.ChildProcess._handle.onexit (internal/child_process.js:215:5)
99 verbose pkgid ghost@0.7.8
100 verbose cwd /home/zaibon/dev/laminerie
101 error Linux 4.4.5-1-ARCH
102 error argv "/usr/bin/node" "/usr/bin/npm" "install" "--production"
103 error node v5.10.0
104 error npm  v3.8.5
105 error code ELIFECYCLE
106 error ghost@0.7.8 preinstall: `npm install semver && node -e "require('./core/server/utils/startup-check.js').nodeVersion()"`
106 error Exit status 231
107 error Failed at the ghost@0.7.8 preinstall script 'npm install semver && node -e "require('./core/server/utils/startup-check.js').nodeVersion()"'.
107 error Make sure you have the latest version of node.js and npm installed.
107 error If you do, this is most likely a problem with the ghost package,
107 error not with npm itself.
107 error Tell the author that this fails on your system:
107 error     npm install semver && node -e "require('./core/server/utils/startup-check.js').nodeVersion()"
107 error You can get information on how to open an issue for this project with:
107 error     npm bugs ghost
107 error Or if that isn't available, you can get their info via:
107 error     npm owner ls ghost
107 error There is likely additional logging output above.
108 verbose exit [ 1, true ]
